<?xml version="1.0" encoding="UTF-8"?>
<testng-results ignored="0" total="62" passed="51" failed="11" skipped="0">
  <reporter-output>
  </reporter-output>
  <suite started-at="2025-04-29T06:10:09 IST" name="Default suite" finished-at="2025-04-29T13:00:36 IST" duration-ms="24627583">
    <groups>
    </groups>
    <test started-at="2025-04-29T06:10:09 IST" name="Default test" finished-at="2025-04-29T13:00:36 IST" duration-ms="24627583">
      <class name="criticalTestScripts.StatutoryMGMT">
        <test-method is-config="true" signature="setBrowser()[pri:0, instance:criticalTestScripts.StatutoryMGMT@5e0e82ae]" started-at="2025-04-29T06:10:09 IST" name="setBrowser" finished-at="2025-04-29T06:10:10 IST" duration-ms="1514" status="PASS">
          <reporter-output>
          </reporter-output>
        </test-method> <!-- setBrowser -->
        <test-method is-config="true" signature="Login()[pri:0, instance:criticalTestScripts.StatutoryMGMT@5e0e82ae]" started-at="2025-04-29T06:10:10 IST" name="Login" finished-at="2025-04-29T06:11:50 IST" duration-ms="99750" status="PASS">
          <reporter-output>
          </reporter-output>
        </test-method> <!-- Login -->
        <test-method signature="CategoriesCountMatch()[pri:1, instance:criticalTestScripts.StatutoryMGMT@5e0e82ae]" started-at="2025-04-29T06:11:50 IST" name="CategoriesCountMatch" finished-at="2025-04-29T06:12:52 IST" duration-ms="61703" status="PASS">
          <reporter-output>
          </reporter-output>
        </test-method> <!-- CategoriesCountMatch -->
        <test-method is-config="true" signature="browserClosing()[pri:0, instance:criticalTestScripts.StatutoryMGMT@5e0e82ae]" started-at="2025-04-29T06:12:52 IST" name="browserClosing" finished-at="2025-04-29T06:12:52 IST" duration-ms="479" status="PASS">
          <reporter-output>
          </reporter-output>
        </test-method> <!-- browserClosing -->
        <test-method is-config="true" signature="Login()[pri:0, instance:criticalTestScripts.StatutoryMGMT@5e0e82ae]" started-at="2025-04-29T06:12:52 IST" name="Login" finished-at="2025-04-29T06:14:23 IST" duration-ms="91286" status="PASS">
          <reporter-output>
          </reporter-output>
        </test-method> <!-- Login -->
        <test-method signature="CompliancesCountMatch()[pri:2, instance:criticalTestScripts.StatutoryMGMT@5e0e82ae]" started-at="2025-04-29T06:14:23 IST" name="CompliancesCountMatch" finished-at="2025-04-29T06:15:52 IST" duration-ms="88063" status="PASS">
          <reporter-output>
          </reporter-output>
        </test-method> <!-- CompliancesCountMatch -->
        <test-method is-config="true" signature="browserClosing()[pri:0, instance:criticalTestScripts.StatutoryMGMT@5e0e82ae]" started-at="2025-04-29T06:15:52 IST" name="browserClosing" finished-at="2025-04-29T06:15:52 IST" duration-ms="446" status="PASS">
          <reporter-output>
          </reporter-output>
        </test-method> <!-- browserClosing -->
        <test-method is-config="true" signature="Login()[pri:0, instance:criticalTestScripts.StatutoryMGMT@5e0e82ae]" started-at="2025-04-29T06:15:52 IST" name="Login" finished-at="2025-04-29T06:17:24 IST" duration-ms="91610" status="PASS">
          <reporter-output>
          </reporter-output>
        </test-method> <!-- Login -->
        <test-method signature="UsersCountMatch()[pri:3, instance:criticalTestScripts.StatutoryMGMT@5e0e82ae]" started-at="2025-04-29T06:17:24 IST" name="UsersCountMatch" finished-at="2025-04-29T06:18:53 IST" duration-ms="89874" status="PASS">
          <reporter-output>
          </reporter-output>
        </test-method> <!-- UsersCountMatch -->
        <test-method is-config="true" signature="browserClosing()[pri:0, instance:criticalTestScripts.StatutoryMGMT@5e0e82ae]" started-at="2025-04-29T06:18:53 IST" name="browserClosing" finished-at="2025-04-29T06:18:54 IST" duration-ms="326" status="PASS">
          <reporter-output>
          </reporter-output>
        </test-method> <!-- browserClosing -->
        <test-method is-config="true" signature="Login()[pri:0, instance:criticalTestScripts.StatutoryMGMT@5e0e82ae]" started-at="2025-04-29T06:18:54 IST" name="Login" finished-at="2025-04-29T06:20:25 IST" duration-ms="90916" status="PASS">
          <reporter-output>
          </reporter-output>
        </test-method> <!-- Login -->
        <test-method signature="SummaryofOverdueCompliances()[pri:4, instance:criticalTestScripts.StatutoryMGMT@5e0e82ae]" started-at="2025-04-29T06:20:25 IST" name="SummaryofOverdueCompliances" finished-at="2025-04-29T06:21:37 IST" duration-ms="72028" status="PASS">
          <reporter-output>
          </reporter-output>
        </test-method> <!-- SummaryofOverdueCompliances -->
        <test-method is-config="true" signature="browserClosing()[pri:0, instance:criticalTestScripts.StatutoryMGMT@5e0e82ae]" started-at="2025-04-29T06:21:37 IST" name="browserClosing" finished-at="2025-04-29T06:21:37 IST" duration-ms="368" status="PASS">
          <reporter-output>
          </reporter-output>
        </test-method> <!-- browserClosing -->
        <test-method is-config="true" signature="Login()[pri:0, instance:criticalTestScripts.StatutoryMGMT@5e0e82ae]" started-at="2025-04-29T06:21:37 IST" name="Login" finished-at="2025-04-29T06:23:09 IST" duration-ms="92174" status="PASS">
          <reporter-output>
          </reporter-output>
        </test-method> <!-- Login -->
        <test-method signature="NotCompleted_PieChart()[pri:5, instance:criticalTestScripts.StatutoryMGMT@5e0e82ae]" started-at="2025-04-29T06:23:09 IST" name="NotCompleted_PieChart" finished-at="2025-04-29T06:31:56 IST" duration-ms="526810" status="PASS">
          <reporter-output>
          </reporter-output>
        </test-method> <!-- NotCompleted_PieChart -->
        <test-method is-config="true" signature="browserClosing()[pri:0, instance:criticalTestScripts.StatutoryMGMT@5e0e82ae]" started-at="2025-04-29T06:31:56 IST" name="browserClosing" finished-at="2025-04-29T06:31:57 IST" duration-ms="391" status="PASS">
          <reporter-output>
          </reporter-output>
        </test-method> <!-- browserClosing -->
        <test-method is-config="true" signature="Login()[pri:0, instance:criticalTestScripts.StatutoryMGMT@5e0e82ae]" started-at="2025-04-29T06:31:57 IST" name="Login" finished-at="2025-04-29T06:33:29 IST" duration-ms="92607" status="PASS">
          <reporter-output>
          </reporter-output>
        </test-method> <!-- Login -->
        <test-method signature="ClosedDelayed_PieChart()[pri:6, instance:criticalTestScripts.StatutoryMGMT@5e0e82ae]" started-at="2025-04-29T06:33:29 IST" name="ClosedDelayed_PieChart" finished-at="2025-04-29T06:42:10 IST" duration-ms="520833" status="PASS">
          <reporter-output>
          </reporter-output>
        </test-method> <!-- ClosedDelayed_PieChart -->
        <test-method is-config="true" signature="browserClosing()[pri:0, instance:criticalTestScripts.StatutoryMGMT@5e0e82ae]" started-at="2025-04-29T06:42:10 IST" name="browserClosing" finished-at="2025-04-29T06:42:10 IST" duration-ms="409" status="PASS">
          <reporter-output>
          </reporter-output>
        </test-method> <!-- browserClosing -->
        <test-method is-config="true" signature="Login()[pri:0, instance:criticalTestScripts.StatutoryMGMT@5e0e82ae]" started-at="2025-04-29T06:42:10 IST" name="Login" finished-at="2025-04-29T06:43:42 IST" duration-ms="91929" status="PASS">
          <reporter-output>
          </reporter-output>
        </test-method> <!-- Login -->
        <test-method signature="ClosedTimely_PieChart()[pri:7, instance:criticalTestScripts.StatutoryMGMT@5e0e82ae]" started-at="2025-04-29T06:43:42 IST" name="ClosedTimely_PieChart" finished-at="2025-04-29T06:52:16 IST" duration-ms="513513" status="PASS">
          <reporter-output>
          </reporter-output>
        </test-method> <!-- ClosedTimely_PieChart -->
        <test-method is-config="true" signature="browserClosing()[pri:0, instance:criticalTestScripts.StatutoryMGMT@5e0e82ae]" started-at="2025-04-29T06:52:16 IST" name="browserClosing" finished-at="2025-04-29T06:52:17 IST" duration-ms="817" status="PASS">
          <reporter-output>
          </reporter-output>
        </test-method> <!-- browserClosing -->
        <test-method is-config="true" signature="Login()[pri:0, instance:criticalTestScripts.StatutoryMGMT@5e0e82ae]" started-at="2025-04-29T06:52:17 IST" name="Login" finished-at="2025-04-29T06:53:58 IST" duration-ms="101572" status="PASS">
          <reporter-output>
          </reporter-output>
        </test-method> <!-- Login -->
        <test-method signature="NotApplicable_PieChart()[pri:8, instance:criticalTestScripts.StatutoryMGMT@5e0e82ae]" started-at="2025-04-29T06:53:58 IST" name="NotApplicable_PieChart" finished-at="2025-04-29T07:02:32 IST" duration-ms="513387" status="PASS">
          <reporter-output>
          </reporter-output>
        </test-method> <!-- NotApplicable_PieChart -->
        <test-method is-config="true" signature="browserClosing()[pri:0, instance:criticalTestScripts.StatutoryMGMT@5e0e82ae]" started-at="2025-04-29T07:02:32 IST" name="browserClosing" finished-at="2025-04-29T07:02:32 IST" duration-ms="833" status="PASS">
          <reporter-output>
          </reporter-output>
        </test-method> <!-- browserClosing -->
        <test-method is-config="true" signature="Login()[pri:0, instance:criticalTestScripts.StatutoryMGMT@5e0e82ae]" started-at="2025-04-29T07:02:32 IST" name="Login" finished-at="2025-04-29T07:04:05 IST" duration-ms="92469" status="PASS">
          <reporter-output>
          </reporter-output>
        </test-method> <!-- Login -->
        <test-method signature="Overdue_PieChart()[pri:9, instance:criticalTestScripts.StatutoryMGMT@5e0e82ae]" started-at="2025-04-29T07:04:05 IST" name="Overdue_PieChart" finished-at="2025-04-29T07:12:30 IST" duration-ms="505176" status="PASS">
          <reporter-output>
          </reporter-output>
        </test-method> <!-- Overdue_PieChart -->
        <test-method is-config="true" signature="browserClosing()[pri:0, instance:criticalTestScripts.StatutoryMGMT@5e0e82ae]" started-at="2025-04-29T07:12:30 IST" name="browserClosing" finished-at="2025-04-29T07:12:31 IST" duration-ms="475" status="PASS">
          <reporter-output>
          </reporter-output>
        </test-method> <!-- browserClosing -->
        <test-method is-config="true" signature="Login()[pri:0, instance:criticalTestScripts.StatutoryMGMT@5e0e82ae]" started-at="2025-04-29T07:12:31 IST" name="Login" finished-at="2025-04-29T07:14:00 IST" duration-ms="89087" status="PASS">
          <reporter-output>
          </reporter-output>
        </test-method> <!-- Login -->
        <test-method signature="dueToday_PieChart()[pri:10, instance:criticalTestScripts.StatutoryMGMT@5e0e82ae]" started-at="2025-04-29T07:14:00 IST" name="dueToday_PieChart" finished-at="2025-04-29T07:18:50 IST" duration-ms="290689" status="PASS">
          <reporter-output>
          </reporter-output>
        </test-method> <!-- dueToday_PieChart -->
        <test-method is-config="true" signature="browserClosing()[pri:0, instance:criticalTestScripts.StatutoryMGMT@5e0e82ae]" started-at="2025-04-29T07:18:50 IST" name="browserClosing" finished-at="2025-04-29T07:18:51 IST" duration-ms="379" status="PASS">
          <reporter-output>
          </reporter-output>
        </test-method> <!-- browserClosing -->
        <test-method is-config="true" signature="Login()[pri:0, instance:criticalTestScripts.StatutoryMGMT@5e0e82ae]" started-at="2025-04-29T07:18:51 IST" name="Login" finished-at="2025-04-29T07:20:19 IST" duration-ms="88004" status="PASS">
          <reporter-output>
          </reporter-output>
        </test-method> <!-- Login -->
        <test-method signature="pendingForReview_PieChart()[pri:11, instance:criticalTestScripts.StatutoryMGMT@5e0e82ae]" started-at="2025-04-29T07:20:19 IST" name="pendingForReview_PieChart" finished-at="2025-04-29T07:29:07 IST" duration-ms="528791" status="PASS">
          <reporter-output>
          </reporter-output>
        </test-method> <!-- pendingForReview_PieChart -->
        <test-method is-config="true" signature="browserClosing()[pri:0, instance:criticalTestScripts.StatutoryMGMT@5e0e82ae]" started-at="2025-04-29T07:29:07 IST" name="browserClosing" finished-at="2025-04-29T07:29:08 IST" duration-ms="380" status="PASS">
          <reporter-output>
          </reporter-output>
        </test-method> <!-- browserClosing -->
        <test-method is-config="true" signature="Login()[pri:0, instance:criticalTestScripts.StatutoryMGMT@5e0e82ae]" started-at="2025-04-29T07:29:08 IST" name="Login" finished-at="2025-04-29T07:30:45 IST" duration-ms="97027" status="PASS">
          <reporter-output>
          </reporter-output>
        </test-method> <!-- Login -->
        <test-method signature="inProgress_PieChart()[pri:12, instance:criticalTestScripts.StatutoryMGMT@5e0e82ae]" started-at="2025-04-29T07:30:45 IST" name="inProgress_PieChart" finished-at="2025-04-29T07:37:29 IST" duration-ms="403630" status="PASS">
          <reporter-output>
          </reporter-output>
        </test-method> <!-- inProgress_PieChart -->
        <test-method is-config="true" signature="browserClosing()[pri:0, instance:criticalTestScripts.StatutoryMGMT@5e0e82ae]" started-at="2025-04-29T07:37:29 IST" name="browserClosing" finished-at="2025-04-29T07:37:29 IST" duration-ms="397" status="PASS">
          <reporter-output>
          </reporter-output>
        </test-method> <!-- browserClosing -->
        <test-method is-config="true" signature="Login()[pri:0, instance:criticalTestScripts.StatutoryMGMT@5e0e82ae]" started-at="2025-04-29T07:37:29 IST" name="Login" finished-at="2025-04-29T07:39:02 IST" duration-ms="93223" status="PASS">
          <reporter-output>
          </reporter-output>
        </test-method> <!-- Login -->
        <test-method signature="rejected_PieChart()[pri:13, instance:criticalTestScripts.StatutoryMGMT@5e0e82ae]" started-at="2025-04-29T07:39:02 IST" name="rejected_PieChart" finished-at="2025-04-29T07:47:46 IST" duration-ms="524263" status="PASS">
          <reporter-output>
          </reporter-output>
        </test-method> <!-- rejected_PieChart -->
        <test-method is-config="true" signature="browserClosing()[pri:0, instance:criticalTestScripts.StatutoryMGMT@5e0e82ae]" started-at="2025-04-29T07:47:46 IST" name="browserClosing" finished-at="2025-04-29T07:47:47 IST" duration-ms="833" status="PASS">
          <reporter-output>
          </reporter-output>
        </test-method> <!-- browserClosing -->
        <test-method is-config="true" signature="Login()[pri:0, instance:criticalTestScripts.StatutoryMGMT@5e0e82ae]" started-at="2025-04-29T07:47:47 IST" name="Login" finished-at="2025-04-29T07:49:18 IST" duration-ms="90728" status="PASS">
          <reporter-output>
          </reporter-output>
        </test-method> <!-- Login -->
        <test-method signature="BargraphIndustrySpeCriticalStatutory()[pri:14, instance:criticalTestScripts.StatutoryMGMT@5e0e82ae]" started-at="2025-04-29T07:49:18 IST" name="BargraphIndustrySpeCriticalStatutory" finished-at="2025-04-29T07:59:21 IST" duration-ms="603333" status="PASS">
          <reporter-output>
          </reporter-output>
        </test-method> <!-- BargraphIndustrySpeCriticalStatutory -->
        <test-method is-config="true" signature="browserClosing()[pri:0, instance:criticalTestScripts.StatutoryMGMT@5e0e82ae]" started-at="2025-04-29T07:59:21 IST" name="browserClosing" finished-at="2025-04-29T07:59:22 IST" duration-ms="1029" status="PASS">
          <reporter-output>
          </reporter-output>
        </test-method> <!-- browserClosing -->
        <test-method is-config="true" signature="Login()[pri:0, instance:criticalTestScripts.StatutoryMGMT@5e0e82ae]" started-at="2025-04-29T07:59:22 IST" name="Login" finished-at="2025-04-29T08:01:02 IST" duration-ms="99980" status="PASS">
          <reporter-output>
          </reporter-output>
        </test-method> <!-- Login -->
        <test-method signature="BargraphIndustrySpeHighStatutory()[pri:23, instance:criticalTestScripts.StatutoryMGMT@5e0e82ae]" started-at="2025-04-29T08:01:02 IST" name="BargraphIndustrySpeHighStatutory" finished-at="2025-04-29T08:10:38 IST" duration-ms="575216" status="PASS">
          <reporter-output>
          </reporter-output>
        </test-method> <!-- BargraphIndustrySpeHighStatutory -->
        <test-method is-config="true" signature="browserClosing()[pri:0, instance:criticalTestScripts.StatutoryMGMT@5e0e82ae]" started-at="2025-04-29T08:10:38 IST" name="browserClosing" finished-at="2025-04-29T08:10:38 IST" duration-ms="807" status="PASS">
          <reporter-output>
          </reporter-output>
        </test-method> <!-- browserClosing -->
        <test-method is-config="true" signature="Login()[pri:0, instance:criticalTestScripts.StatutoryMGMT@5e0e82ae]" started-at="2025-04-29T08:10:38 IST" name="Login" finished-at="2025-04-29T08:12:08 IST" duration-ms="89476" status="PASS">
          <reporter-output>
          </reporter-output>
        </test-method> <!-- Login -->
        <test-method signature="BargraphIndustrySpeMediumStatutory()[pri:24, instance:criticalTestScripts.StatutoryMGMT@5e0e82ae]" started-at="2025-04-29T08:12:08 IST" name="BargraphIndustrySpeMediumStatutory" finished-at="2025-04-29T08:21:42 IST" duration-ms="574409" status="PASS">
          <reporter-output>
          </reporter-output>
        </test-method> <!-- BargraphIndustrySpeMediumStatutory -->
        <test-method is-config="true" signature="browserClosing()[pri:0, instance:criticalTestScripts.StatutoryMGMT@5e0e82ae]" started-at="2025-04-29T08:21:42 IST" name="browserClosing" finished-at="2025-04-29T08:21:43 IST" duration-ms="870" status="PASS">
          <reporter-output>
          </reporter-output>
        </test-method> <!-- browserClosing -->
        <test-method is-config="true" signature="Login()[pri:0, instance:criticalTestScripts.StatutoryMGMT@5e0e82ae]" started-at="2025-04-29T08:21:43 IST" name="Login" finished-at="2025-04-29T08:23:22 IST" duration-ms="98679" status="PASS">
          <reporter-output>
          </reporter-output>
        </test-method> <!-- Login -->
        <test-method signature="BargraphIndustrySpeLowStatutory()[pri:25, instance:criticalTestScripts.StatutoryMGMT@5e0e82ae]" started-at="2025-04-29T08:23:22 IST" name="BargraphIndustrySpeLowStatutory" finished-at="2025-04-29T08:32:56 IST" duration-ms="574427" status="PASS">
          <reporter-output>
          </reporter-output>
        </test-method> <!-- BargraphIndustrySpeLowStatutory -->
        <test-method is-config="true" signature="browserClosing()[pri:0, instance:criticalTestScripts.StatutoryMGMT@5e0e82ae]" started-at="2025-04-29T08:32:56 IST" name="browserClosing" finished-at="2025-04-29T08:32:57 IST" duration-ms="394" status="PASS">
          <reporter-output>
          </reporter-output>
        </test-method> <!-- browserClosing -->
        <test-method is-config="true" signature="Login()[pri:0, instance:criticalTestScripts.StatutoryMGMT@5e0e82ae]" started-at="2025-04-29T08:32:57 IST" name="Login" finished-at="2025-04-29T08:34:26 IST" duration-ms="89365" status="PASS">
          <reporter-output>
          </reporter-output>
        </test-method> <!-- Login -->
        <test-method signature="RiskSummaryCriticalStatutory()[pri:26, instance:criticalTestScripts.StatutoryMGMT@5e0e82ae]" started-at="2025-04-29T08:34:26 IST" name="RiskSummaryCriticalStatutory" finished-at="2025-04-29T08:40:19 IST" duration-ms="353004" status="FAIL">
          <exception class="org.openqa.selenium.TimeoutException">
            <message>
              <![CDATA[Expected condition failed: waiting for presence of element located by: By.xpath: //*[@id='grid']/div[3]/table/tbody/tr[1]/td[19]/a (tried for 100 second(s) with 500 milliseconds interval)]]>
            </message>
            <full-stacktrace>
              <![CDATA[org.openqa.selenium.TimeoutException: Expected condition failed: waiting for presence of element located by: By.xpath: //*[@id='grid']/div[3]/table/tbody/tr[1]/td[19]/a (tried for 100 second(s) with 500 milliseconds interval)
at org.openqa.selenium.support.ui.WebDriverWait.timeoutException(WebDriverWait.java:95)
at org.openqa.selenium.support.ui.FluentWait.until(FluentWait.java:272)
at cfo.CFOcountPOM.RiskGraphCount(CFOcountPOM.java:7538)
at criticalTestScripts.StatutoryMGMT.RiskSummaryCriticalStatutory(StatutoryMGMT.java:1650)
at java.base/jdk.internal.reflect.DirectMethodHandleAccessor.invoke(DirectMethodHandleAccessor.java:103)
at java.base/java.lang.reflect.Method.invoke(Method.java:580)
at org.testng.internal.MethodInvocationHelper.invokeMethod(MethodInvocationHelper.java:133)
at org.testng.internal.TestInvoker.invokeMethod(TestInvoker.java:598)
at org.testng.internal.TestInvoker.invokeTestMethod(TestInvoker.java:173)
at org.testng.internal.MethodRunner.runInSequence(MethodRunner.java:46)
at org.testng.internal.TestInvoker$MethodInvocationAgent.invoke(TestInvoker.java:824)
at org.testng.internal.TestInvoker.invokeTestMethods(TestInvoker.java:146)
at org.testng.internal.TestMethodWorker.invokeTestMethods(TestMethodWorker.java:146)
at org.testng.internal.TestMethodWorker.run(TestMethodWorker.java:128)
at java.base/java.util.ArrayList.forEach(ArrayList.java:1597)
at org.testng.TestRunner.privateRun(TestRunner.java:794)
at org.testng.TestRunner.run(TestRunner.java:596)
at org.testng.SuiteRunner.runTest(SuiteRunner.java:377)
at org.testng.SuiteRunner.runSequentially(SuiteRunner.java:371)
at org.testng.SuiteRunner.privateRun(SuiteRunner.java:332)
at org.testng.SuiteRunner.run(SuiteRunner.java:276)
at org.testng.SuiteRunnerWorker.runSuite(SuiteRunnerWorker.java:53)
at org.testng.SuiteRunnerWorker.run(SuiteRunnerWorker.java:96)
at org.testng.TestNG.runSuitesSequentially(TestNG.java:1212)
at org.testng.TestNG.runSuitesLocally(TestNG.java:1134)
at org.testng.TestNG.runSuites(TestNG.java:1063)
at org.testng.TestNG.run(TestNG.java:1031)
at org.testng.remote.AbstractRemoteTestNG.run(AbstractRemoteTestNG.java:115)
at org.testng.remote.RemoteTestNG.initAndRun(RemoteTestNG.java:293)
at org.testng.remote.RemoteTestNG.main(RemoteTestNG.java:91)
Caused by: org.openqa.selenium.NoSuchElementException: no such element: Unable to locate element: {"method":"xpath","selector":"//*[@id='grid']/div[3]/table/tbody/tr[1]/td[19]/a"}
  (Session info: chrome=135.0.7049.115)
For documentation on this error, please visit: http://seleniumhq.org/exceptions/no_such_element.html
Build info: version: '3.141.0', revision: '2ecb7d9a', time: '2018-10-31T20:09:30'
System info: host: 'TRPL-PUN-0113', ip: '192.168.1.4', os.name: 'Windows 11', os.arch: 'amd64', os.version: '10.0', java.version: '23.0.2'
Driver info: org.openqa.selenium.chrome.ChromeDriver
Capabilities {acceptInsecureCerts: false, browserName: chrome, browserVersion: 135.0.7049.115, chrome: {chromedriverVersion: 135.0.7049.84 (6c019e560019..., userDataDir: C:\Users\mayurig\AppData\Lo...}, fedcm:accounts: true, goog:chromeOptions: {debuggerAddress: localhost:64403}, javascriptEnabled: true, networkConnectionEnabled: false, pageLoadStrategy: normal, platform: WINDOWS, platformName: WINDOWS, proxy: Proxy(), setWindowRect: true, strictFileInteractability: false, timeouts: {implicit: 0, pageLoad: 300000, script: 30000}, unhandledPromptBehavior: dismiss and notify, webauthn:extension:credBlob: true, webauthn:extension:largeBlob: true, webauthn:extension:minPinLength: true, webauthn:extension:prf: true, webauthn:virtualAuthenticators: true}
Session ID: 2ebe88a4ddd5233357800afb61e69b32
*** Element info: {Using=xpath, value=//*[@id='grid']/div[3]/table/tbody/tr[1]/td[19]/a}
at java.base/jdk.internal.reflect.DirectConstructorHandleAccessor.newInstance(DirectConstructorHandleAccessor.java:62)
at java.base/java.lang.reflect.Constructor.newInstanceWithCaller(Constructor.java:501)
at java.base/java.lang.reflect.Constructor.newInstance(Constructor.java:485)
at org.openqa.selenium.remote.http.W3CHttpResponseCodec.createException(W3CHttpResponseCodec.java:187)
at org.openqa.selenium.remote.http.W3CHttpResponseCodec.decode(W3CHttpResponseCodec.java:122)
at org.openqa.selenium.remote.http.W3CHttpResponseCodec.decode(W3CHttpResponseCodec.java:49)
at org.openqa.selenium.remote.HttpCommandExecutor.execute(HttpCommandExecutor.java:158)
at org.openqa.selenium.remote.service.DriverCommandExecutor.execute(DriverCommandExecutor.java:83)
at org.openqa.selenium.remote.RemoteWebDriver.execute(RemoteWebDriver.java:552)
at org.openqa.selenium.remote.RemoteWebDriver.findElement(RemoteWebDriver.java:323)
at org.openqa.selenium.remote.RemoteWebDriver.findElementByXPath(RemoteWebDriver.java:428)
at org.openqa.selenium.By$ByXPath.findElement(By.java:353)
at org.openqa.selenium.remote.RemoteWebDriver.findElement(RemoteWebDriver.java:315)
at org.openqa.selenium.support.ui.ExpectedConditions$6.apply(ExpectedConditions.java:182)
at org.openqa.selenium.support.ui.ExpectedConditions$6.apply(ExpectedConditions.java:179)
at org.openqa.selenium.support.ui.FluentWait.until(FluentWait.java:249)
... 28 more
]]>
            </full-stacktrace>
          </exception> <!-- org.openqa.selenium.TimeoutException -->
          <reporter-output>
          </reporter-output>
        </test-method> <!-- RiskSummaryCriticalStatutory -->
        <test-method is-config="true" signature="browserClosing()[pri:0, instance:criticalTestScripts.StatutoryMGMT@5e0e82ae]" started-at="2025-04-29T08:40:19 IST" name="browserClosing" finished-at="2025-04-29T08:40:19 IST" duration-ms="413" status="PASS">
          <reporter-output>
          </reporter-output>
        </test-method> <!-- browserClosing -->
        <test-method is-config="true" signature="Login()[pri:0, instance:criticalTestScripts.StatutoryMGMT@5e0e82ae]" started-at="2025-04-29T08:40:19 IST" name="Login" finished-at="2025-04-29T08:41:54 IST" duration-ms="94182" status="PASS">
          <reporter-output>
          </reporter-output>
        </test-method> <!-- Login -->
        <test-method signature="RiskSummaryHighStatutory()[pri:27, instance:criticalTestScripts.StatutoryMGMT@5e0e82ae]" started-at="2025-04-29T08:41:54 IST" name="RiskSummaryHighStatutory" finished-at="2025-04-29T08:47:54 IST" duration-ms="360917" status="FAIL">
          <exception class="org.openqa.selenium.TimeoutException">
            <message>
              <![CDATA[Expected condition failed: waiting for presence of element located by: By.xpath: //*[@id='grid']/div[3]/table/tbody/tr[1]/td[19]/a (tried for 100 second(s) with 500 milliseconds interval)]]>
            </message>
            <full-stacktrace>
              <![CDATA[org.openqa.selenium.TimeoutException: Expected condition failed: waiting for presence of element located by: By.xpath: //*[@id='grid']/div[3]/table/tbody/tr[1]/td[19]/a (tried for 100 second(s) with 500 milliseconds interval)
at org.openqa.selenium.support.ui.WebDriverWait.timeoutException(WebDriverWait.java:95)
at org.openqa.selenium.support.ui.FluentWait.until(FluentWait.java:272)
at cfo.CFOcountPOM.RiskGraphCount(CFOcountPOM.java:7538)
at criticalTestScripts.StatutoryMGMT.RiskSummaryHighStatutory(StatutoryMGMT.java:1776)
at java.base/jdk.internal.reflect.DirectMethodHandleAccessor.invoke(DirectMethodHandleAccessor.java:103)
at java.base/java.lang.reflect.Method.invoke(Method.java:580)
at org.testng.internal.MethodInvocationHelper.invokeMethod(MethodInvocationHelper.java:133)
at org.testng.internal.TestInvoker.invokeMethod(TestInvoker.java:598)
at org.testng.internal.TestInvoker.invokeTestMethod(TestInvoker.java:173)
at org.testng.internal.MethodRunner.runInSequence(MethodRunner.java:46)
at org.testng.internal.TestInvoker$MethodInvocationAgent.invoke(TestInvoker.java:824)
at org.testng.internal.TestInvoker.invokeTestMethods(TestInvoker.java:146)
at org.testng.internal.TestMethodWorker.invokeTestMethods(TestMethodWorker.java:146)
at org.testng.internal.TestMethodWorker.run(TestMethodWorker.java:128)
at java.base/java.util.ArrayList.forEach(ArrayList.java:1597)
at org.testng.TestRunner.privateRun(TestRunner.java:794)
at org.testng.TestRunner.run(TestRunner.java:596)
at org.testng.SuiteRunner.runTest(SuiteRunner.java:377)
at org.testng.SuiteRunner.runSequentially(SuiteRunner.java:371)
at org.testng.SuiteRunner.privateRun(SuiteRunner.java:332)
at org.testng.SuiteRunner.run(SuiteRunner.java:276)
at org.testng.SuiteRunnerWorker.runSuite(SuiteRunnerWorker.java:53)
at org.testng.SuiteRunnerWorker.run(SuiteRunnerWorker.java:96)
at org.testng.TestNG.runSuitesSequentially(TestNG.java:1212)
at org.testng.TestNG.runSuitesLocally(TestNG.java:1134)
at org.testng.TestNG.runSuites(TestNG.java:1063)
at org.testng.TestNG.run(TestNG.java:1031)
at org.testng.remote.AbstractRemoteTestNG.run(AbstractRemoteTestNG.java:115)
at org.testng.remote.RemoteTestNG.initAndRun(RemoteTestNG.java:293)
at org.testng.remote.RemoteTestNG.main(RemoteTestNG.java:91)
Caused by: org.openqa.selenium.NoSuchElementException: no such element: Unable to locate element: {"method":"xpath","selector":"//*[@id='grid']/div[3]/table/tbody/tr[1]/td[19]/a"}
  (Session info: chrome=135.0.7049.115)
For documentation on this error, please visit: http://seleniumhq.org/exceptions/no_such_element.html
Build info: version: '3.141.0', revision: '2ecb7d9a', time: '2018-10-31T20:09:30'
System info: host: 'TRPL-PUN-0113', ip: '192.168.1.4', os.name: 'Windows 11', os.arch: 'amd64', os.version: '10.0', java.version: '23.0.2'
Driver info: org.openqa.selenium.chrome.ChromeDriver
Capabilities {acceptInsecureCerts: false, browserName: chrome, browserVersion: 135.0.7049.115, chrome: {chromedriverVersion: 135.0.7049.84 (6c019e560019..., userDataDir: C:\Users\mayurig\AppData\Lo...}, fedcm:accounts: true, goog:chromeOptions: {debuggerAddress: localhost:64477}, javascriptEnabled: true, networkConnectionEnabled: false, pageLoadStrategy: normal, platform: WINDOWS, platformName: WINDOWS, proxy: Proxy(), setWindowRect: true, strictFileInteractability: false, timeouts: {implicit: 0, pageLoad: 300000, script: 30000}, unhandledPromptBehavior: dismiss and notify, webauthn:extension:credBlob: true, webauthn:extension:largeBlob: true, webauthn:extension:minPinLength: true, webauthn:extension:prf: true, webauthn:virtualAuthenticators: true}
Session ID: abd4b190860c72440eae86f3bd662b9f
*** Element info: {Using=xpath, value=//*[@id='grid']/div[3]/table/tbody/tr[1]/td[19]/a}
at java.base/jdk.internal.reflect.DirectConstructorHandleAccessor.newInstance(DirectConstructorHandleAccessor.java:62)
at java.base/java.lang.reflect.Constructor.newInstanceWithCaller(Constructor.java:501)
at java.base/java.lang.reflect.Constructor.newInstance(Constructor.java:485)
at org.openqa.selenium.remote.http.W3CHttpResponseCodec.createException(W3CHttpResponseCodec.java:187)
at org.openqa.selenium.remote.http.W3CHttpResponseCodec.decode(W3CHttpResponseCodec.java:122)
at org.openqa.selenium.remote.http.W3CHttpResponseCodec.decode(W3CHttpResponseCodec.java:49)
at org.openqa.selenium.remote.HttpCommandExecutor.execute(HttpCommandExecutor.java:158)
at org.openqa.selenium.remote.service.DriverCommandExecutor.execute(DriverCommandExecutor.java:83)
at org.openqa.selenium.remote.RemoteWebDriver.execute(RemoteWebDriver.java:552)
at org.openqa.selenium.remote.RemoteWebDriver.findElement(RemoteWebDriver.java:323)
at org.openqa.selenium.remote.RemoteWebDriver.findElementByXPath(RemoteWebDriver.java:428)
at org.openqa.selenium.By$ByXPath.findElement(By.java:353)
at org.openqa.selenium.remote.RemoteWebDriver.findElement(RemoteWebDriver.java:315)
at org.openqa.selenium.support.ui.ExpectedConditions$6.apply(ExpectedConditions.java:182)
at org.openqa.selenium.support.ui.ExpectedConditions$6.apply(ExpectedConditions.java:179)
at org.openqa.selenium.support.ui.FluentWait.until(FluentWait.java:249)
... 28 more
]]>
            </full-stacktrace>
          </exception> <!-- org.openqa.selenium.TimeoutException -->
          <reporter-output>
          </reporter-output>
        </test-method> <!-- RiskSummaryHighStatutory -->
        <test-method is-config="true" signature="browserClosing()[pri:0, instance:criticalTestScripts.StatutoryMGMT@5e0e82ae]" started-at="2025-04-29T08:47:54 IST" name="browserClosing" finished-at="2025-04-29T08:47:56 IST" duration-ms="1390" status="PASS">
          <reporter-output>
          </reporter-output>
        </test-method> <!-- browserClosing -->
        <test-method is-config="true" signature="Login()[pri:0, instance:criticalTestScripts.StatutoryMGMT@5e0e82ae]" started-at="2025-04-29T08:47:56 IST" name="Login" finished-at="2025-04-29T08:49:42 IST" duration-ms="106356" status="PASS">
          <reporter-output>
          </reporter-output>
        </test-method> <!-- Login -->
        <test-method signature="RiskSummaryMediumStatutory()[pri:28, instance:criticalTestScripts.StatutoryMGMT@5e0e82ae]" started-at="2025-04-29T08:49:42 IST" name="RiskSummaryMediumStatutory" finished-at="2025-04-29T08:55:36 IST" duration-ms="354095" status="FAIL">
          <exception class="org.openqa.selenium.TimeoutException">
            <message>
              <![CDATA[Expected condition failed: waiting for presence of element located by: By.xpath: //*[@id='grid']/div[3]/table/tbody/tr[1]/td[19]/a (tried for 100 second(s) with 500 milliseconds interval)]]>
            </message>
            <full-stacktrace>
              <![CDATA[org.openqa.selenium.TimeoutException: Expected condition failed: waiting for presence of element located by: By.xpath: //*[@id='grid']/div[3]/table/tbody/tr[1]/td[19]/a (tried for 100 second(s) with 500 milliseconds interval)
at org.openqa.selenium.support.ui.WebDriverWait.timeoutException(WebDriverWait.java:95)
at org.openqa.selenium.support.ui.FluentWait.until(FluentWait.java:272)
at cfo.CFOcountPOM.RiskGraphCount(CFOcountPOM.java:7538)
at criticalTestScripts.StatutoryMGMT.RiskSummaryMediumStatutory(StatutoryMGMT.java:1896)
at java.base/jdk.internal.reflect.DirectMethodHandleAccessor.invoke(DirectMethodHandleAccessor.java:103)
at java.base/java.lang.reflect.Method.invoke(Method.java:580)
at org.testng.internal.MethodInvocationHelper.invokeMethod(MethodInvocationHelper.java:133)
at org.testng.internal.TestInvoker.invokeMethod(TestInvoker.java:598)
at org.testng.internal.TestInvoker.invokeTestMethod(TestInvoker.java:173)
at org.testng.internal.MethodRunner.runInSequence(MethodRunner.java:46)
at org.testng.internal.TestInvoker$MethodInvocationAgent.invoke(TestInvoker.java:824)
at org.testng.internal.TestInvoker.invokeTestMethods(TestInvoker.java:146)
at org.testng.internal.TestMethodWorker.invokeTestMethods(TestMethodWorker.java:146)
at org.testng.internal.TestMethodWorker.run(TestMethodWorker.java:128)
at java.base/java.util.ArrayList.forEach(ArrayList.java:1597)
at org.testng.TestRunner.privateRun(TestRunner.java:794)
at org.testng.TestRunner.run(TestRunner.java:596)
at org.testng.SuiteRunner.runTest(SuiteRunner.java:377)
at org.testng.SuiteRunner.runSequentially(SuiteRunner.java:371)
at org.testng.SuiteRunner.privateRun(SuiteRunner.java:332)
at org.testng.SuiteRunner.run(SuiteRunner.java:276)
at org.testng.SuiteRunnerWorker.runSuite(SuiteRunnerWorker.java:53)
at org.testng.SuiteRunnerWorker.run(SuiteRunnerWorker.java:96)
at org.testng.TestNG.runSuitesSequentially(TestNG.java:1212)
at org.testng.TestNG.runSuitesLocally(TestNG.java:1134)
at org.testng.TestNG.runSuites(TestNG.java:1063)
at org.testng.TestNG.run(TestNG.java:1031)
at org.testng.remote.AbstractRemoteTestNG.run(AbstractRemoteTestNG.java:115)
at org.testng.remote.RemoteTestNG.initAndRun(RemoteTestNG.java:293)
at org.testng.remote.RemoteTestNG.main(RemoteTestNG.java:91)
Caused by: org.openqa.selenium.NoSuchElementException: no such element: Unable to locate element: {"method":"xpath","selector":"//*[@id='grid']/div[3]/table/tbody/tr[1]/td[19]/a"}
  (Session info: chrome=135.0.7049.115)
For documentation on this error, please visit: http://seleniumhq.org/exceptions/no_such_element.html
Build info: version: '3.141.0', revision: '2ecb7d9a', time: '2018-10-31T20:09:30'
System info: host: 'TRPL-PUN-0113', ip: '192.168.1.4', os.name: 'Windows 11', os.arch: 'amd64', os.version: '10.0', java.version: '23.0.2'
Driver info: org.openqa.selenium.chrome.ChromeDriver
Capabilities {acceptInsecureCerts: false, browserName: chrome, browserVersion: 135.0.7049.115, chrome: {chromedriverVersion: 135.0.7049.84 (6c019e560019..., userDataDir: C:\Users\mayurig\AppData\Lo...}, fedcm:accounts: true, goog:chromeOptions: {debuggerAddress: localhost:64536}, javascriptEnabled: true, networkConnectionEnabled: false, pageLoadStrategy: normal, platform: WINDOWS, platformName: WINDOWS, proxy: Proxy(), setWindowRect: true, strictFileInteractability: false, timeouts: {implicit: 0, pageLoad: 300000, script: 30000}, unhandledPromptBehavior: dismiss and notify, webauthn:extension:credBlob: true, webauthn:extension:largeBlob: true, webauthn:extension:minPinLength: true, webauthn:extension:prf: true, webauthn:virtualAuthenticators: true}
Session ID: 63566621a1c8a34499ddcba166de58a1
*** Element info: {Using=xpath, value=//*[@id='grid']/div[3]/table/tbody/tr[1]/td[19]/a}
at java.base/jdk.internal.reflect.DirectConstructorHandleAccessor.newInstance(DirectConstructorHandleAccessor.java:62)
at java.base/java.lang.reflect.Constructor.newInstanceWithCaller(Constructor.java:501)
at java.base/java.lang.reflect.Constructor.newInstance(Constructor.java:485)
at org.openqa.selenium.remote.http.W3CHttpResponseCodec.createException(W3CHttpResponseCodec.java:187)
at org.openqa.selenium.remote.http.W3CHttpResponseCodec.decode(W3CHttpResponseCodec.java:122)
at org.openqa.selenium.remote.http.W3CHttpResponseCodec.decode(W3CHttpResponseCodec.java:49)
at org.openqa.selenium.remote.HttpCommandExecutor.execute(HttpCommandExecutor.java:158)
at org.openqa.selenium.remote.service.DriverCommandExecutor.execute(DriverCommandExecutor.java:83)
at org.openqa.selenium.remote.RemoteWebDriver.execute(RemoteWebDriver.java:552)
at org.openqa.selenium.remote.RemoteWebDriver.findElement(RemoteWebDriver.java:323)
at org.openqa.selenium.remote.RemoteWebDriver.findElementByXPath(RemoteWebDriver.java:428)
at org.openqa.selenium.By$ByXPath.findElement(By.java:353)
at org.openqa.selenium.remote.RemoteWebDriver.findElement(RemoteWebDriver.java:315)
at org.openqa.selenium.support.ui.ExpectedConditions$6.apply(ExpectedConditions.java:182)
at org.openqa.selenium.support.ui.ExpectedConditions$6.apply(ExpectedConditions.java:179)
at org.openqa.selenium.support.ui.FluentWait.until(FluentWait.java:249)
... 28 more
]]>
            </full-stacktrace>
          </exception> <!-- org.openqa.selenium.TimeoutException -->
          <reporter-output>
          </reporter-output>
        </test-method> <!-- RiskSummaryMediumStatutory -->
        <test-method is-config="true" signature="browserClosing()[pri:0, instance:criticalTestScripts.StatutoryMGMT@5e0e82ae]" started-at="2025-04-29T08:55:36 IST" name="browserClosing" finished-at="2025-04-29T08:55:37 IST" duration-ms="806" status="PASS">
          <reporter-output>
          </reporter-output>
        </test-method> <!-- browserClosing -->
        <test-method is-config="true" signature="Login()[pri:0, instance:criticalTestScripts.StatutoryMGMT@5e0e82ae]" started-at="2025-04-29T08:55:37 IST" name="Login" finished-at="2025-04-29T08:57:15 IST" duration-ms="97393" status="PASS">
          <reporter-output>
          </reporter-output>
        </test-method> <!-- Login -->
        <test-method signature="RiskSummaryLowStatutory()[pri:29, instance:criticalTestScripts.StatutoryMGMT@5e0e82ae]" started-at="2025-04-29T08:57:15 IST" name="RiskSummaryLowStatutory" finished-at="2025-04-29T09:03:50 IST" duration-ms="395268" status="FAIL">
          <exception class="org.openqa.selenium.TimeoutException">
            <message>
              <![CDATA[Expected condition failed: waiting for presence of element located by: By.xpath: //*[@id='grid']/div[3]/table/tbody/tr[1]/td[19]/a (tried for 100 second(s) with 500 milliseconds interval)]]>
            </message>
            <full-stacktrace>
              <![CDATA[org.openqa.selenium.TimeoutException: Expected condition failed: waiting for presence of element located by: By.xpath: //*[@id='grid']/div[3]/table/tbody/tr[1]/td[19]/a (tried for 100 second(s) with 500 milliseconds interval)
at org.openqa.selenium.support.ui.WebDriverWait.timeoutException(WebDriverWait.java:95)
at org.openqa.selenium.support.ui.FluentWait.until(FluentWait.java:272)
at cfo.CFOcountPOM.RiskGraphCount(CFOcountPOM.java:7538)
at criticalTestScripts.StatutoryMGMT.RiskSummaryLowStatutory(StatutoryMGMT.java:2020)
at java.base/jdk.internal.reflect.DirectMethodHandleAccessor.invoke(DirectMethodHandleAccessor.java:103)
at java.base/java.lang.reflect.Method.invoke(Method.java:580)
at org.testng.internal.MethodInvocationHelper.invokeMethod(MethodInvocationHelper.java:133)
at org.testng.internal.TestInvoker.invokeMethod(TestInvoker.java:598)
at org.testng.internal.TestInvoker.invokeTestMethod(TestInvoker.java:173)
at org.testng.internal.MethodRunner.runInSequence(MethodRunner.java:46)
at org.testng.internal.TestInvoker$MethodInvocationAgent.invoke(TestInvoker.java:824)
at org.testng.internal.TestInvoker.invokeTestMethods(TestInvoker.java:146)
at org.testng.internal.TestMethodWorker.invokeTestMethods(TestMethodWorker.java:146)
at org.testng.internal.TestMethodWorker.run(TestMethodWorker.java:128)
at java.base/java.util.ArrayList.forEach(ArrayList.java:1597)
at org.testng.TestRunner.privateRun(TestRunner.java:794)
at org.testng.TestRunner.run(TestRunner.java:596)
at org.testng.SuiteRunner.runTest(SuiteRunner.java:377)
at org.testng.SuiteRunner.runSequentially(SuiteRunner.java:371)
at org.testng.SuiteRunner.privateRun(SuiteRunner.java:332)
at org.testng.SuiteRunner.run(SuiteRunner.java:276)
at org.testng.SuiteRunnerWorker.runSuite(SuiteRunnerWorker.java:53)
at org.testng.SuiteRunnerWorker.run(SuiteRunnerWorker.java:96)
at org.testng.TestNG.runSuitesSequentially(TestNG.java:1212)
at org.testng.TestNG.runSuitesLocally(TestNG.java:1134)
at org.testng.TestNG.runSuites(TestNG.java:1063)
at org.testng.TestNG.run(TestNG.java:1031)
at org.testng.remote.AbstractRemoteTestNG.run(AbstractRemoteTestNG.java:115)
at org.testng.remote.RemoteTestNG.initAndRun(RemoteTestNG.java:293)
at org.testng.remote.RemoteTestNG.main(RemoteTestNG.java:91)
Caused by: org.openqa.selenium.NoSuchElementException: no such element: Unable to locate element: {"method":"xpath","selector":"//*[@id='grid']/div[3]/table/tbody/tr[1]/td[19]/a"}
  (Session info: chrome=135.0.7049.115)
For documentation on this error, please visit: http://seleniumhq.org/exceptions/no_such_element.html
Build info: version: '3.141.0', revision: '2ecb7d9a', time: '2018-10-31T20:09:30'
System info: host: 'TRPL-PUN-0113', ip: '192.168.1.4', os.name: 'Windows 11', os.arch: 'amd64', os.version: '10.0', java.version: '23.0.2'
Driver info: org.openqa.selenium.chrome.ChromeDriver
Capabilities {acceptInsecureCerts: false, browserName: chrome, browserVersion: 135.0.7049.115, chrome: {chromedriverVersion: 135.0.7049.84 (6c019e560019..., userDataDir: C:\Users\mayurig\AppData\Lo...}, fedcm:accounts: true, goog:chromeOptions: {debuggerAddress: localhost:64595}, javascriptEnabled: true, networkConnectionEnabled: false, pageLoadStrategy: normal, platform: WINDOWS, platformName: WINDOWS, proxy: Proxy(), setWindowRect: true, strictFileInteractability: false, timeouts: {implicit: 0, pageLoad: 300000, script: 30000}, unhandledPromptBehavior: dismiss and notify, webauthn:extension:credBlob: true, webauthn:extension:largeBlob: true, webauthn:extension:minPinLength: true, webauthn:extension:prf: true, webauthn:virtualAuthenticators: true}
Session ID: 39df936e96a52c78846b6e18ab2b5ebc
*** Element info: {Using=xpath, value=//*[@id='grid']/div[3]/table/tbody/tr[1]/td[19]/a}
at java.base/jdk.internal.reflect.DirectConstructorHandleAccessor.newInstance(DirectConstructorHandleAccessor.java:62)
at java.base/java.lang.reflect.Constructor.newInstanceWithCaller(Constructor.java:501)
at java.base/java.lang.reflect.Constructor.newInstance(Constructor.java:485)
at org.openqa.selenium.remote.http.W3CHttpResponseCodec.createException(W3CHttpResponseCodec.java:187)
at org.openqa.selenium.remote.http.W3CHttpResponseCodec.decode(W3CHttpResponseCodec.java:122)
at org.openqa.selenium.remote.http.W3CHttpResponseCodec.decode(W3CHttpResponseCodec.java:49)
at org.openqa.selenium.remote.HttpCommandExecutor.execute(HttpCommandExecutor.java:158)
at org.openqa.selenium.remote.service.DriverCommandExecutor.execute(DriverCommandExecutor.java:83)
at org.openqa.selenium.remote.RemoteWebDriver.execute(RemoteWebDriver.java:552)
at org.openqa.selenium.remote.RemoteWebDriver.findElement(RemoteWebDriver.java:323)
at org.openqa.selenium.remote.RemoteWebDriver.findElementByXPath(RemoteWebDriver.java:428)
at org.openqa.selenium.By$ByXPath.findElement(By.java:353)
at org.openqa.selenium.remote.RemoteWebDriver.findElement(RemoteWebDriver.java:315)
at org.openqa.selenium.support.ui.ExpectedConditions$6.apply(ExpectedConditions.java:182)
at org.openqa.selenium.support.ui.ExpectedConditions$6.apply(ExpectedConditions.java:179)
at org.openqa.selenium.support.ui.FluentWait.until(FluentWait.java:249)
... 28 more
]]>
            </full-stacktrace>
          </exception> <!-- org.openqa.selenium.TimeoutException -->
          <reporter-output>
          </reporter-output>
        </test-method> <!-- RiskSummaryLowStatutory -->
        <test-method is-config="true" signature="browserClosing()[pri:0, instance:criticalTestScripts.StatutoryMGMT@5e0e82ae]" started-at="2025-04-29T09:03:50 IST" name="browserClosing" finished-at="2025-04-29T09:03:51 IST" duration-ms="825" status="PASS">
          <reporter-output>
          </reporter-output>
        </test-method> <!-- browserClosing -->
        <test-method is-config="true" signature="Login()[pri:0, instance:criticalTestScripts.StatutoryMGMT@5e0e82ae]" started-at="2025-04-29T09:03:51 IST" name="Login" finished-at="2025-04-29T09:05:21 IST" duration-ms="90414" status="PASS">
          <reporter-output>
          </reporter-output>
        </test-method> <!-- Login -->
        <test-method signature="DepartmentSummaryHumanResourceStatutory()[pri:30, instance:criticalTestScripts.StatutoryMGMT@5e0e82ae]" started-at="2025-04-29T09:05:21 IST" name="DepartmentSummaryHumanResourceStatutory" finished-at="2025-04-29T09:11:46 IST" duration-ms="384570" status="FAIL">
          <exception class="org.openqa.selenium.TimeoutException">
            <message>
              <![CDATA[Expected condition failed: waiting for presence of element located by: By.xpath: //*[@id='grid']/div[3]/table/tbody/tr[1]/td[19]/a (tried for 100 second(s) with 500 milliseconds interval)]]>
            </message>
            <full-stacktrace>
              <![CDATA[org.openqa.selenium.TimeoutException: Expected condition failed: waiting for presence of element located by: By.xpath: //*[@id='grid']/div[3]/table/tbody/tr[1]/td[19]/a (tried for 100 second(s) with 500 milliseconds interval)
at org.openqa.selenium.support.ui.WebDriverWait.timeoutException(WebDriverWait.java:95)
at org.openqa.selenium.support.ui.FluentWait.until(FluentWait.java:272)
at cfo.CFOcountPOM.RiskGraphCount(CFOcountPOM.java:7538)
at criticalTestScripts.StatutoryMGMT.DepartmentSummaryHumanResourceStatutory(StatutoryMGMT.java:2155)
at java.base/jdk.internal.reflect.DirectMethodHandleAccessor.invoke(DirectMethodHandleAccessor.java:103)
at java.base/java.lang.reflect.Method.invoke(Method.java:580)
at org.testng.internal.MethodInvocationHelper.invokeMethod(MethodInvocationHelper.java:133)
at org.testng.internal.TestInvoker.invokeMethod(TestInvoker.java:598)
at org.testng.internal.TestInvoker.invokeTestMethod(TestInvoker.java:173)
at org.testng.internal.MethodRunner.runInSequence(MethodRunner.java:46)
at org.testng.internal.TestInvoker$MethodInvocationAgent.invoke(TestInvoker.java:824)
at org.testng.internal.TestInvoker.invokeTestMethods(TestInvoker.java:146)
at org.testng.internal.TestMethodWorker.invokeTestMethods(TestMethodWorker.java:146)
at org.testng.internal.TestMethodWorker.run(TestMethodWorker.java:128)
at java.base/java.util.ArrayList.forEach(ArrayList.java:1597)
at org.testng.TestRunner.privateRun(TestRunner.java:794)
at org.testng.TestRunner.run(TestRunner.java:596)
at org.testng.SuiteRunner.runTest(SuiteRunner.java:377)
at org.testng.SuiteRunner.runSequentially(SuiteRunner.java:371)
at org.testng.SuiteRunner.privateRun(SuiteRunner.java:332)
at org.testng.SuiteRunner.run(SuiteRunner.java:276)
at org.testng.SuiteRunnerWorker.runSuite(SuiteRunnerWorker.java:53)
at org.testng.SuiteRunnerWorker.run(SuiteRunnerWorker.java:96)
at org.testng.TestNG.runSuitesSequentially(TestNG.java:1212)
at org.testng.TestNG.runSuitesLocally(TestNG.java:1134)
at org.testng.TestNG.runSuites(TestNG.java:1063)
at org.testng.TestNG.run(TestNG.java:1031)
at org.testng.remote.AbstractRemoteTestNG.run(AbstractRemoteTestNG.java:115)
at org.testng.remote.RemoteTestNG.initAndRun(RemoteTestNG.java:293)
at org.testng.remote.RemoteTestNG.main(RemoteTestNG.java:91)
Caused by: org.openqa.selenium.NoSuchElementException: no such element: Unable to locate element: {"method":"xpath","selector":"//*[@id='grid']/div[3]/table/tbody/tr[1]/td[19]/a"}
  (Session info: chrome=135.0.7049.115)
For documentation on this error, please visit: http://seleniumhq.org/exceptions/no_such_element.html
Build info: version: '3.141.0', revision: '2ecb7d9a', time: '2018-10-31T20:09:30'
System info: host: 'TRPL-PUN-0113', ip: '192.168.1.4', os.name: 'Windows 11', os.arch: 'amd64', os.version: '10.0', java.version: '23.0.2'
Driver info: org.openqa.selenium.chrome.ChromeDriver
Capabilities {acceptInsecureCerts: false, browserName: chrome, browserVersion: 135.0.7049.115, chrome: {chromedriverVersion: 135.0.7049.84 (6c019e560019..., userDataDir: C:\Users\mayurig\AppData\Lo...}, fedcm:accounts: true, goog:chromeOptions: {debuggerAddress: localhost:64654}, javascriptEnabled: true, networkConnectionEnabled: false, pageLoadStrategy: normal, platform: WINDOWS, platformName: WINDOWS, proxy: Proxy(), setWindowRect: true, strictFileInteractability: false, timeouts: {implicit: 0, pageLoad: 300000, script: 30000}, unhandledPromptBehavior: dismiss and notify, webauthn:extension:credBlob: true, webauthn:extension:largeBlob: true, webauthn:extension:minPinLength: true, webauthn:extension:prf: true, webauthn:virtualAuthenticators: true}
Session ID: 5eb6f666a0530cc9a5a596d30db6a1ad
*** Element info: {Using=xpath, value=//*[@id='grid']/div[3]/table/tbody/tr[1]/td[19]/a}
at java.base/jdk.internal.reflect.DirectConstructorHandleAccessor.newInstance(DirectConstructorHandleAccessor.java:62)
at java.base/java.lang.reflect.Constructor.newInstanceWithCaller(Constructor.java:501)
at java.base/java.lang.reflect.Constructor.newInstance(Constructor.java:485)
at org.openqa.selenium.remote.http.W3CHttpResponseCodec.createException(W3CHttpResponseCodec.java:187)
at org.openqa.selenium.remote.http.W3CHttpResponseCodec.decode(W3CHttpResponseCodec.java:122)
at org.openqa.selenium.remote.http.W3CHttpResponseCodec.decode(W3CHttpResponseCodec.java:49)
at org.openqa.selenium.remote.HttpCommandExecutor.execute(HttpCommandExecutor.java:158)
at org.openqa.selenium.remote.service.DriverCommandExecutor.execute(DriverCommandExecutor.java:83)
at org.openqa.selenium.remote.RemoteWebDriver.execute(RemoteWebDriver.java:552)
at org.openqa.selenium.remote.RemoteWebDriver.findElement(RemoteWebDriver.java:323)
at org.openqa.selenium.remote.RemoteWebDriver.findElementByXPath(RemoteWebDriver.java:428)
at org.openqa.selenium.By$ByXPath.findElement(By.java:353)
at org.openqa.selenium.remote.RemoteWebDriver.findElement(RemoteWebDriver.java:315)
at org.openqa.selenium.support.ui.ExpectedConditions$6.apply(ExpectedConditions.java:182)
at org.openqa.selenium.support.ui.ExpectedConditions$6.apply(ExpectedConditions.java:179)
at org.openqa.selenium.support.ui.FluentWait.until(FluentWait.java:249)
... 28 more
]]>
            </full-stacktrace>
          </exception> <!-- org.openqa.selenium.TimeoutException -->
          <reporter-output>
          </reporter-output>
        </test-method> <!-- DepartmentSummaryHumanResourceStatutory -->
        <test-method is-config="true" signature="browserClosing()[pri:0, instance:criticalTestScripts.StatutoryMGMT@5e0e82ae]" started-at="2025-04-29T09:11:46 IST" name="browserClosing" finished-at="2025-04-29T09:11:46 IST" duration-ms="693" status="PASS">
          <reporter-output>
          </reporter-output>
        </test-method> <!-- browserClosing -->
        <test-method is-config="true" signature="Login()[pri:0, instance:criticalTestScripts.StatutoryMGMT@5e0e82ae]" started-at="2025-04-29T09:11:46 IST" name="Login" finished-at="2025-04-29T09:13:17 IST" duration-ms="91188" status="PASS">
          <reporter-output>
          </reporter-output>
        </test-method> <!-- Login -->
        <test-method signature="NotCompleted_PieChartPeriod()[pri:31, instance:criticalTestScripts.StatutoryMGMT@5e0e82ae]" started-at="2025-04-29T09:13:17 IST" name="NotCompleted_PieChartPeriod" finished-at="2025-04-29T09:24:46 IST" duration-ms="688588" status="PASS">
          <reporter-output>
          </reporter-output>
        </test-method> <!-- NotCompleted_PieChartPeriod -->
        <test-method is-config="true" signature="browserClosing()[pri:0, instance:criticalTestScripts.StatutoryMGMT@5e0e82ae]" started-at="2025-04-29T09:24:46 IST" name="browserClosing" finished-at="2025-04-29T09:24:47 IST" duration-ms="456" status="PASS">
          <reporter-output>
          </reporter-output>
        </test-method> <!-- browserClosing -->
        <test-method is-config="true" signature="Login()[pri:0, instance:criticalTestScripts.StatutoryMGMT@5e0e82ae]" started-at="2025-04-29T09:24:47 IST" name="Login" finished-at="2025-04-29T09:26:45 IST" duration-ms="118228" status="PASS">
          <reporter-output>
          </reporter-output>
        </test-method> <!-- Login -->
        <test-method signature="ClosedDelayed_PieChartPeriod()[pri:32, instance:criticalTestScripts.StatutoryMGMT@5e0e82ae]" started-at="2025-04-29T09:26:45 IST" name="ClosedDelayed_PieChartPeriod" finished-at="2025-04-29T09:35:34 IST" duration-ms="529063" status="FAIL">
          <exception class="org.openqa.selenium.ElementNotInteractableException">
            <message>
              <![CDATA[element not interactable
  (Session info: chrome=135.0.7049.115)
Build info: version: '3.141.0', revision: '2ecb7d9a', time: '2018-10-31T20:09:30'
System info: host: 'TRPL-PUN-0113', ip: '192.168.1.4', os.name: 'Windows 11', os.arch: 'amd64', os.version: '10.0', java.version: '23.0.2'
Driver info: org.openqa.selenium.chrome.ChromeDriver
Capabilities {acceptInsecureCerts: false, browserName: chrome, browserVersion: 135.0.7049.115, chrome: {chromedriverVersion: 135.0.7049.84 (6c019e560019..., userDataDir: C:\Users\mayurig\AppData\Lo...}, fedcm:accounts: true, goog:chromeOptions: {debuggerAddress: localhost:64816}, javascriptEnabled: true, networkConnectionEnabled: false, pageLoadStrategy: normal, platform: WINDOWS, platformName: WINDOWS, proxy: Proxy(), setWindowRect: true, strictFileInteractability: false, timeouts: {implicit: 0, pageLoad: 300000, script: 30000}, unhandledPromptBehavior: dismiss and notify, webauthn:extension:credBlob: true, webauthn:extension:largeBlob: true, webauthn:extension:minPinLength: true, webauthn:extension:prf: true, webauthn:virtualAuthenticators: true}
Session ID: f40b3290bfc8923d065a65327de1219e]]>
            </message>
            <full-stacktrace>
              <![CDATA[org.openqa.selenium.ElementNotInteractableException: element not interactable
  (Session info: chrome=135.0.7049.115)
Build info: version: '3.141.0', revision: '2ecb7d9a', time: '2018-10-31T20:09:30'
System info: host: 'TRPL-PUN-0113', ip: '192.168.1.4', os.name: 'Windows 11', os.arch: 'amd64', os.version: '10.0', java.version: '23.0.2'
Driver info: org.openqa.selenium.chrome.ChromeDriver
Capabilities {acceptInsecureCerts: false, browserName: chrome, browserVersion: 135.0.7049.115, chrome: {chromedriverVersion: 135.0.7049.84 (6c019e560019..., userDataDir: C:\Users\mayurig\AppData\Lo...}, fedcm:accounts: true, goog:chromeOptions: {debuggerAddress: localhost:64816}, javascriptEnabled: true, networkConnectionEnabled: false, pageLoadStrategy: normal, platform: WINDOWS, platformName: WINDOWS, proxy: Proxy(), setWindowRect: true, strictFileInteractability: false, timeouts: {implicit: 0, pageLoad: 300000, script: 30000}, unhandledPromptBehavior: dismiss and notify, webauthn:extension:credBlob: true, webauthn:extension:largeBlob: true, webauthn:extension:minPinLength: true, webauthn:extension:prf: true, webauthn:virtualAuthenticators: true}
Session ID: f40b3290bfc8923d065a65327de1219e
at java.base/jdk.internal.reflect.DirectConstructorHandleAccessor.newInstance(DirectConstructorHandleAccessor.java:62)
at java.base/java.lang.reflect.Constructor.newInstanceWithCaller(Constructor.java:501)
at java.base/java.lang.reflect.Constructor.newInstance(Constructor.java:485)
at org.openqa.selenium.remote.http.W3CHttpResponseCodec.createException(W3CHttpResponseCodec.java:187)
at org.openqa.selenium.remote.http.W3CHttpResponseCodec.decode(W3CHttpResponseCodec.java:122)
at org.openqa.selenium.remote.http.W3CHttpResponseCodec.decode(W3CHttpResponseCodec.java:49)
at org.openqa.selenium.remote.HttpCommandExecutor.execute(HttpCommandExecutor.java:158)
at org.openqa.selenium.remote.service.DriverCommandExecutor.execute(DriverCommandExecutor.java:83)
at org.openqa.selenium.remote.RemoteWebDriver.execute(RemoteWebDriver.java:552)
at org.openqa.selenium.remote.RemoteWebElement.execute(RemoteWebElement.java:285)
at org.openqa.selenium.remote.RemoteWebElement.click(RemoteWebElement.java:84)
at cfo.CFOcountPOM.GraphCountInPe(CFOcountPOM.java:5519)
at criticalTestScripts.StatutoryMGMT.ClosedDelayed_PieChartPeriod(StatutoryMGMT.java:2505)
at java.base/jdk.internal.reflect.DirectMethodHandleAccessor.invoke(DirectMethodHandleAccessor.java:103)
at java.base/java.lang.reflect.Method.invoke(Method.java:580)
at org.testng.internal.MethodInvocationHelper.invokeMethod(MethodInvocationHelper.java:133)
at org.testng.internal.TestInvoker.invokeMethod(TestInvoker.java:598)
at org.testng.internal.TestInvoker.invokeTestMethod(TestInvoker.java:173)
at org.testng.internal.MethodRunner.runInSequence(MethodRunner.java:46)
at org.testng.internal.TestInvoker$MethodInvocationAgent.invoke(TestInvoker.java:824)
at org.testng.internal.TestInvoker.invokeTestMethods(TestInvoker.java:146)
at org.testng.internal.TestMethodWorker.invokeTestMethods(TestMethodWorker.java:146)
at org.testng.internal.TestMethodWorker.run(TestMethodWorker.java:128)
at java.base/java.util.ArrayList.forEach(ArrayList.java:1597)
at org.testng.TestRunner.privateRun(TestRunner.java:794)
at org.testng.TestRunner.run(TestRunner.java:596)
at org.testng.SuiteRunner.runTest(SuiteRunner.java:377)
at org.testng.SuiteRunner.runSequentially(SuiteRunner.java:371)
at org.testng.SuiteRunner.privateRun(SuiteRunner.java:332)
at org.testng.SuiteRunner.run(SuiteRunner.java:276)
at org.testng.SuiteRunnerWorker.runSuite(SuiteRunnerWorker.java:53)
at org.testng.SuiteRunnerWorker.run(SuiteRunnerWorker.java:96)
at org.testng.TestNG.runSuitesSequentially(TestNG.java:1212)
at org.testng.TestNG.runSuitesLocally(TestNG.java:1134)
at org.testng.TestNG.runSuites(TestNG.java:1063)
at org.testng.TestNG.run(TestNG.java:1031)
at org.testng.remote.AbstractRemoteTestNG.run(AbstractRemoteTestNG.java:115)
at org.testng.remote.RemoteTestNG.initAndRun(RemoteTestNG.java:293)
at org.testng.remote.RemoteTestNG.main(RemoteTestNG.java:91)
]]>
            </full-stacktrace>
          </exception> <!-- org.openqa.selenium.ElementNotInteractableException -->
          <reporter-output>
          </reporter-output>
        </test-method> <!-- ClosedDelayed_PieChartPeriod -->
        <test-method is-config="true" signature="browserClosing()[pri:0, instance:criticalTestScripts.StatutoryMGMT@5e0e82ae]" started-at="2025-04-29T09:35:34 IST" name="browserClosing" finished-at="2025-04-29T09:35:34 IST" duration-ms="351" status="PASS">
          <reporter-output>
          </reporter-output>
        </test-method> <!-- browserClosing -->
        <test-method is-config="true" signature="Login()[pri:0, instance:criticalTestScripts.StatutoryMGMT@5e0e82ae]" started-at="2025-04-29T09:35:34 IST" name="Login" finished-at="2025-04-29T09:37:51 IST" duration-ms="136477" status="PASS">
          <reporter-output>
          </reporter-output>
        </test-method> <!-- Login -->
        <test-method signature="ClosedTimely_PieChartPeriod()[pri:33, instance:criticalTestScripts.StatutoryMGMT@5e0e82ae]" started-at="2025-04-29T09:37:51 IST" name="ClosedTimely_PieChartPeriod" finished-at="2025-04-29T09:45:18 IST" duration-ms="447267" status="PASS">
          <reporter-output>
          </reporter-output>
        </test-method> <!-- ClosedTimely_PieChartPeriod -->
        <test-method is-config="true" signature="browserClosing()[pri:0, instance:criticalTestScripts.StatutoryMGMT@5e0e82ae]" started-at="2025-04-29T09:45:18 IST" name="browserClosing" finished-at="2025-04-29T09:45:18 IST" duration-ms="327" status="PASS">
          <reporter-output>
          </reporter-output>
        </test-method> <!-- browserClosing -->
        <test-method is-config="true" signature="Login()[pri:0, instance:criticalTestScripts.StatutoryMGMT@5e0e82ae]" started-at="2025-04-29T09:45:18 IST" name="Login" finished-at="2025-04-29T09:47:08 IST" duration-ms="109532" status="PASS">
          <reporter-output>
          </reporter-output>
        </test-method> <!-- Login -->
        <test-method signature="NotApplicable_PieChartPeriod()[pri:34, instance:criticalTestScripts.StatutoryMGMT@5e0e82ae]" started-at="2025-04-29T09:47:08 IST" name="NotApplicable_PieChartPeriod" finished-at="2025-04-29T09:59:43 IST" duration-ms="755462" status="PASS">
          <reporter-output>
          </reporter-output>
        </test-method> <!-- NotApplicable_PieChartPeriod -->
        <test-method is-config="true" signature="browserClosing()[pri:0, instance:criticalTestScripts.StatutoryMGMT@5e0e82ae]" started-at="2025-04-29T09:59:43 IST" name="browserClosing" finished-at="2025-04-29T09:59:44 IST" duration-ms="957" status="PASS">
          <reporter-output>
          </reporter-output>
        </test-method> <!-- browserClosing -->
        <test-method is-config="true" signature="Login()[pri:0, instance:criticalTestScripts.StatutoryMGMT@5e0e82ae]" started-at="2025-04-29T09:59:44 IST" name="Login" finished-at="2025-04-29T10:01:15 IST" duration-ms="91145" status="PASS">
          <reporter-output>
          </reporter-output>
        </test-method> <!-- Login -->
        <test-method signature="UpcomingPieChartPeriod()[pri:35, instance:criticalTestScripts.StatutoryMGMT@5e0e82ae]" started-at="2025-04-29T10:01:15 IST" name="UpcomingPieChartPeriod" finished-at="2025-04-29T10:04:34 IST" duration-ms="198476" status="FAIL">
          <exception class="java.lang.NullPointerException">
            <message>
              <![CDATA[Cannot read the array length because "dirContents" is null]]>
            </message>
            <full-stacktrace>
              <![CDATA[java.lang.NullPointerException: Cannot read the array length because "dirContents" is null
at cfo.CFOcountPOM.GraphCountInPeUp1(CFOcountPOM.java:5980)
at criticalTestScripts.StatutoryMGMT.UpcomingPieChartPeriod(StatutoryMGMT.java:2877)
at java.base/jdk.internal.reflect.DirectMethodHandleAccessor.invoke(DirectMethodHandleAccessor.java:103)
at java.base/java.lang.reflect.Method.invoke(Method.java:580)
at org.testng.internal.MethodInvocationHelper.invokeMethod(MethodInvocationHelper.java:133)
at org.testng.internal.TestInvoker.invokeMethod(TestInvoker.java:598)
at org.testng.internal.TestInvoker.invokeTestMethod(TestInvoker.java:173)
at org.testng.internal.MethodRunner.runInSequence(MethodRunner.java:46)
at org.testng.internal.TestInvoker$MethodInvocationAgent.invoke(TestInvoker.java:824)
at org.testng.internal.TestInvoker.invokeTestMethods(TestInvoker.java:146)
at org.testng.internal.TestMethodWorker.invokeTestMethods(TestMethodWorker.java:146)
at org.testng.internal.TestMethodWorker.run(TestMethodWorker.java:128)
at java.base/java.util.ArrayList.forEach(ArrayList.java:1597)
at org.testng.TestRunner.privateRun(TestRunner.java:794)
at org.testng.TestRunner.run(TestRunner.java:596)
at org.testng.SuiteRunner.runTest(SuiteRunner.java:377)
at org.testng.SuiteRunner.runSequentially(SuiteRunner.java:371)
at org.testng.SuiteRunner.privateRun(SuiteRunner.java:332)
at org.testng.SuiteRunner.run(SuiteRunner.java:276)
at org.testng.SuiteRunnerWorker.runSuite(SuiteRunnerWorker.java:53)
at org.testng.SuiteRunnerWorker.run(SuiteRunnerWorker.java:96)
at org.testng.TestNG.runSuitesSequentially(TestNG.java:1212)
at org.testng.TestNG.runSuitesLocally(TestNG.java:1134)
at org.testng.TestNG.runSuites(TestNG.java:1063)
at org.testng.TestNG.run(TestNG.java:1031)
at org.testng.remote.AbstractRemoteTestNG.run(AbstractRemoteTestNG.java:115)
at org.testng.remote.RemoteTestNG.initAndRun(RemoteTestNG.java:293)
at org.testng.remote.RemoteTestNG.main(RemoteTestNG.java:91)
]]>
            </full-stacktrace>
          </exception> <!-- java.lang.NullPointerException -->
          <reporter-output>
          </reporter-output>
        </test-method> <!-- UpcomingPieChartPeriod -->
        <test-method is-config="true" signature="browserClosing()[pri:0, instance:criticalTestScripts.StatutoryMGMT@5e0e82ae]" started-at="2025-04-29T10:04:34 IST" name="browserClosing" finished-at="2025-04-29T10:04:35 IST" duration-ms="1034" status="PASS">
          <reporter-output>
          </reporter-output>
        </test-method> <!-- browserClosing -->
        <test-method is-config="true" signature="Login()[pri:0, instance:criticalTestScripts.StatutoryMGMT@5e0e82ae]" started-at="2025-04-29T10:04:35 IST" name="Login" finished-at="2025-04-29T10:06:41 IST" duration-ms="126482" status="PASS">
          <reporter-output>
          </reporter-output>
        </test-method> <!-- Login -->
        <test-method signature="Overdue_PieChartPeriod()[pri:36, instance:criticalTestScripts.StatutoryMGMT@5e0e82ae]" started-at="2025-04-29T10:06:41 IST" name="Overdue_PieChartPeriod" finished-at="2025-04-29T10:17:08 IST" duration-ms="626290" status="PASS">
          <reporter-output>
          </reporter-output>
        </test-method> <!-- Overdue_PieChartPeriod -->
        <test-method is-config="true" signature="browserClosing()[pri:0, instance:criticalTestScripts.StatutoryMGMT@5e0e82ae]" started-at="2025-04-29T10:17:08 IST" name="browserClosing" finished-at="2025-04-29T10:17:08 IST" duration-ms="606" status="PASS">
          <reporter-output>
          </reporter-output>
        </test-method> <!-- browserClosing -->
        <test-method is-config="true" signature="Login()[pri:0, instance:criticalTestScripts.StatutoryMGMT@5e0e82ae]" started-at="2025-04-29T10:17:08 IST" name="Login" finished-at="2025-04-29T10:18:47 IST" duration-ms="98761" status="PASS">
          <reporter-output>
          </reporter-output>
        </test-method> <!-- Login -->
        <test-method signature="dueToday_PieChartPeriod()[pri:37, instance:criticalTestScripts.StatutoryMGMT@5e0e82ae]" started-at="2025-04-29T10:18:47 IST" name="dueToday_PieChartPeriod" finished-at="2025-04-29T10:27:10 IST" duration-ms="502960" status="PASS">
          <reporter-output>
          </reporter-output>
        </test-method> <!-- dueToday_PieChartPeriod -->
        <test-method is-config="true" signature="browserClosing()[pri:0, instance:criticalTestScripts.StatutoryMGMT@5e0e82ae]" started-at="2025-04-29T10:27:10 IST" name="browserClosing" finished-at="2025-04-29T10:27:10 IST" duration-ms="521" status="PASS">
          <reporter-output>
          </reporter-output>
        </test-method> <!-- browserClosing -->
        <test-method is-config="true" signature="Login()[pri:0, instance:criticalTestScripts.StatutoryMGMT@5e0e82ae]" started-at="2025-04-29T10:27:10 IST" name="Login" finished-at="2025-04-29T10:28:46 IST" duration-ms="95269" status="PASS">
          <reporter-output>
          </reporter-output>
        </test-method> <!-- Login -->
        <test-method signature="pendingForReview_PieChartPeriod()[pri:38, instance:criticalTestScripts.StatutoryMGMT@5e0e82ae]" started-at="2025-04-29T10:28:46 IST" name="pendingForReview_PieChartPeriod" finished-at="2025-04-29T10:40:24 IST" duration-ms="698496" status="PASS">
          <reporter-output>
          </reporter-output>
        </test-method> <!-- pendingForReview_PieChartPeriod -->
        <test-method is-config="true" signature="browserClosing()[pri:0, instance:criticalTestScripts.StatutoryMGMT@5e0e82ae]" started-at="2025-04-29T10:40:24 IST" name="browserClosing" finished-at="2025-04-29T10:40:25 IST" duration-ms="488" status="PASS">
          <reporter-output>
          </reporter-output>
        </test-method> <!-- browserClosing -->
        <test-method is-config="true" signature="Login()[pri:0, instance:criticalTestScripts.StatutoryMGMT@5e0e82ae]" started-at="2025-04-29T10:40:25 IST" name="Login" finished-at="2025-04-29T10:42:02 IST" duration-ms="97444" status="PASS">
          <reporter-output>
          </reporter-output>
        </test-method> <!-- Login -->
        <test-method signature="inProgress_PieChartPeriod()[pri:39, instance:criticalTestScripts.StatutoryMGMT@5e0e82ae]" started-at="2025-04-29T10:42:02 IST" name="inProgress_PieChartPeriod" finished-at="2025-04-29T10:52:51 IST" duration-ms="649097" status="PASS">
          <reporter-output>
          </reporter-output>
        </test-method> <!-- inProgress_PieChartPeriod -->
        <test-method is-config="true" signature="browserClosing()[pri:0, instance:criticalTestScripts.StatutoryMGMT@5e0e82ae]" started-at="2025-04-29T10:52:51 IST" name="browserClosing" finished-at="2025-04-29T10:52:52 IST" duration-ms="1151" status="PASS">
          <reporter-output>
          </reporter-output>
        </test-method> <!-- browserClosing -->
        <test-method is-config="true" signature="Login()[pri:0, instance:criticalTestScripts.StatutoryMGMT@5e0e82ae]" started-at="2025-04-29T10:52:52 IST" name="Login" finished-at="2025-04-29T10:54:35 IST" duration-ms="102606" status="PASS">
          <reporter-output>
          </reporter-output>
        </test-method> <!-- Login -->
        <test-method signature="rejected_PieChartPeriod()[pri:40, instance:criticalTestScripts.StatutoryMGMT@5e0e82ae]" started-at="2025-04-29T10:54:35 IST" name="rejected_PieChartPeriod" finished-at="2025-04-29T11:06:33 IST" duration-ms="717899" status="PASS">
          <reporter-output>
          </reporter-output>
        </test-method> <!-- rejected_PieChartPeriod -->
        <test-method is-config="true" signature="browserClosing()[pri:0, instance:criticalTestScripts.StatutoryMGMT@5e0e82ae]" started-at="2025-04-29T11:06:33 IST" name="browserClosing" finished-at="2025-04-29T11:06:34 IST" duration-ms="1075" status="PASS">
          <reporter-output>
          </reporter-output>
        </test-method> <!-- browserClosing -->
        <test-method is-config="true" signature="Login()[pri:0, instance:criticalTestScripts.StatutoryMGMT@5e0e82ae]" started-at="2025-04-29T11:06:34 IST" name="Login" finished-at="2025-04-29T11:08:25 IST" duration-ms="111404" status="PASS">
          <reporter-output>
          </reporter-output>
        </test-method> <!-- Login -->
        <test-method signature="complianceCalendar()[pri:42, instance:criticalTestScripts.StatutoryMGMT@5e0e82ae]" started-at="2025-04-29T11:08:25 IST" name="complianceCalendar" finished-at="2025-04-29T11:09:42 IST" duration-ms="76222" status="FAIL">
          <exception class="org.openqa.selenium.ElementNotInteractableException">
            <message>
              <![CDATA[element not interactable
  (Session info: chrome=135.0.7049.115)
Build info: version: '3.141.0', revision: '2ecb7d9a', time: '2018-10-31T20:09:30'
System info: host: 'TRPL-PUN-0113', ip: '192.168.1.4', os.name: 'Windows 11', os.arch: 'amd64', os.version: '10.0', java.version: '23.0.2'
Driver info: org.openqa.selenium.chrome.ChromeDriver
Capabilities {acceptInsecureCerts: false, browserName: chrome, browserVersion: 135.0.7049.115, chrome: {chromedriverVersion: 135.0.7049.84 (6c019e560019..., userDataDir: C:\Users\mayurig\AppData\Lo...}, fedcm:accounts: true, goog:chromeOptions: {debuggerAddress: localhost:49435}, javascriptEnabled: true, networkConnectionEnabled: false, pageLoadStrategy: normal, platform: WINDOWS, platformName: WINDOWS, proxy: Proxy(), setWindowRect: true, strictFileInteractability: false, timeouts: {implicit: 0, pageLoad: 300000, script: 30000}, unhandledPromptBehavior: dismiss and notify, webauthn:extension:credBlob: true, webauthn:extension:largeBlob: true, webauthn:extension:minPinLength: true, webauthn:extension:prf: true, webauthn:virtualAuthenticators: true}
Session ID: b7388fb479c1fec0fe5143e0f501d02e]]>
            </message>
            <full-stacktrace>
              <![CDATA[org.openqa.selenium.ElementNotInteractableException: element not interactable
  (Session info: chrome=135.0.7049.115)
Build info: version: '3.141.0', revision: '2ecb7d9a', time: '2018-10-31T20:09:30'
System info: host: 'TRPL-PUN-0113', ip: '192.168.1.4', os.name: 'Windows 11', os.arch: 'amd64', os.version: '10.0', java.version: '23.0.2'
Driver info: org.openqa.selenium.chrome.ChromeDriver
Capabilities {acceptInsecureCerts: false, browserName: chrome, browserVersion: 135.0.7049.115, chrome: {chromedriverVersion: 135.0.7049.84 (6c019e560019..., userDataDir: C:\Users\mayurig\AppData\Lo...}, fedcm:accounts: true, goog:chromeOptions: {debuggerAddress: localhost:49435}, javascriptEnabled: true, networkConnectionEnabled: false, pageLoadStrategy: normal, platform: WINDOWS, platformName: WINDOWS, proxy: Proxy(), setWindowRect: true, strictFileInteractability: false, timeouts: {implicit: 0, pageLoad: 300000, script: 30000}, unhandledPromptBehavior: dismiss and notify, webauthn:extension:credBlob: true, webauthn:extension:largeBlob: true, webauthn:extension:minPinLength: true, webauthn:extension:prf: true, webauthn:virtualAuthenticators: true}
Session ID: b7388fb479c1fec0fe5143e0f501d02e
at java.base/jdk.internal.reflect.DirectConstructorHandleAccessor.newInstance(DirectConstructorHandleAccessor.java:62)
at java.base/java.lang.reflect.Constructor.newInstanceWithCaller(Constructor.java:501)
at java.base/java.lang.reflect.Constructor.newInstance(Constructor.java:485)
at org.openqa.selenium.remote.http.W3CHttpResponseCodec.createException(W3CHttpResponseCodec.java:187)
at org.openqa.selenium.remote.http.W3CHttpResponseCodec.decode(W3CHttpResponseCodec.java:122)
at org.openqa.selenium.remote.http.W3CHttpResponseCodec.decode(W3CHttpResponseCodec.java:49)
at org.openqa.selenium.remote.HttpCommandExecutor.execute(HttpCommandExecutor.java:158)
at org.openqa.selenium.remote.service.DriverCommandExecutor.execute(DriverCommandExecutor.java:83)
at org.openqa.selenium.remote.RemoteWebDriver.execute(RemoteWebDriver.java:552)
at org.openqa.selenium.remote.RemoteWebElement.execute(RemoteWebElement.java:285)
at org.openqa.selenium.remote.RemoteWebElement.click(RemoteWebElement.java:84)
at auditor.AuditorcountPOM.GridAndExcelCountMatch(AuditorcountPOM.java:5593)
at criticalTestScripts.StatutoryMGMT.complianceCalendar(StatutoryMGMT.java:3570)
at java.base/jdk.internal.reflect.DirectMethodHandleAccessor.invoke(DirectMethodHandleAccessor.java:103)
at java.base/java.lang.reflect.Method.invoke(Method.java:580)
at org.testng.internal.MethodInvocationHelper.invokeMethod(MethodInvocationHelper.java:133)
at org.testng.internal.TestInvoker.invokeMethod(TestInvoker.java:598)
at org.testng.internal.TestInvoker.invokeTestMethod(TestInvoker.java:173)
at org.testng.internal.MethodRunner.runInSequence(MethodRunner.java:46)
at org.testng.internal.TestInvoker$MethodInvocationAgent.invoke(TestInvoker.java:824)
at org.testng.internal.TestInvoker.invokeTestMethods(TestInvoker.java:146)
at org.testng.internal.TestMethodWorker.invokeTestMethods(TestMethodWorker.java:146)
at org.testng.internal.TestMethodWorker.run(TestMethodWorker.java:128)
at java.base/java.util.ArrayList.forEach(ArrayList.java:1597)
at org.testng.TestRunner.privateRun(TestRunner.java:794)
at org.testng.TestRunner.run(TestRunner.java:596)
at org.testng.SuiteRunner.runTest(SuiteRunner.java:377)
at org.testng.SuiteRunner.runSequentially(SuiteRunner.java:371)
at org.testng.SuiteRunner.privateRun(SuiteRunner.java:332)
at org.testng.SuiteRunner.run(SuiteRunner.java:276)
at org.testng.SuiteRunnerWorker.runSuite(SuiteRunnerWorker.java:53)
at org.testng.SuiteRunnerWorker.run(SuiteRunnerWorker.java:96)
at org.testng.TestNG.runSuitesSequentially(TestNG.java:1212)
at org.testng.TestNG.runSuitesLocally(TestNG.java:1134)
at org.testng.TestNG.runSuites(TestNG.java:1063)
at org.testng.TestNG.run(TestNG.java:1031)
at org.testng.remote.AbstractRemoteTestNG.run(AbstractRemoteTestNG.java:115)
at org.testng.remote.RemoteTestNG.initAndRun(RemoteTestNG.java:293)
at org.testng.remote.RemoteTestNG.main(RemoteTestNG.java:91)
]]>
            </full-stacktrace>
          </exception> <!-- org.openqa.selenium.ElementNotInteractableException -->
          <reporter-output>
          </reporter-output>
        </test-method> <!-- complianceCalendar -->
        <test-method is-config="true" signature="browserClosing()[pri:0, instance:criticalTestScripts.StatutoryMGMT@5e0e82ae]" started-at="2025-04-29T11:09:42 IST" name="browserClosing" finished-at="2025-04-29T11:09:43 IST" duration-ms="1292" status="PASS">
          <reporter-output>
          </reporter-output>
        </test-method> <!-- browserClosing -->
        <test-method is-config="true" signature="Login()[pri:0, instance:criticalTestScripts.StatutoryMGMT@5e0e82ae]" started-at="2025-04-29T11:09:43 IST" name="Login" finished-at="2025-04-29T11:11:30 IST" duration-ms="107230" status="PASS">
          <reporter-output>
          </reporter-output>
        </test-method> <!-- Login -->
        <test-method signature="DetailedReport()[pri:59, instance:criticalTestScripts.StatutoryMGMT@5e0e82ae]" started-at="2025-04-29T11:11:30 IST" name="DetailedReport" finished-at="2025-04-29T11:13:16 IST" duration-ms="105400" status="PASS">
          <reporter-output>
          </reporter-output>
        </test-method> <!-- DetailedReport -->
        <test-method is-config="true" signature="browserClosing()[pri:0, instance:criticalTestScripts.StatutoryMGMT@5e0e82ae]" started-at="2025-04-29T11:13:16 IST" name="browserClosing" finished-at="2025-04-29T11:13:16 IST" duration-ms="643" status="PASS">
          <reporter-output>
          </reporter-output>
        </test-method> <!-- browserClosing -->
        <test-method is-config="true" signature="Login()[pri:0, instance:criticalTestScripts.StatutoryMGMT@5e0e82ae]" started-at="2025-04-29T11:13:16 IST" name="Login" finished-at="2025-04-29T11:14:56 IST" duration-ms="99683" status="PASS">
          <reporter-output>
          </reporter-output>
        </test-method> <!-- Login -->
        <test-method signature="AssignmentReport()[pri:60, instance:criticalTestScripts.StatutoryMGMT@5e0e82ae]" started-at="2025-04-29T11:14:56 IST" name="AssignmentReport" finished-at="2025-04-29T11:15:34 IST" duration-ms="38066" status="PASS">
          <reporter-output>
          </reporter-output>
        </test-method> <!-- AssignmentReport -->
        <test-method is-config="true" signature="browserClosing()[pri:0, instance:criticalTestScripts.StatutoryMGMT@5e0e82ae]" started-at="2025-04-29T11:15:34 IST" name="browserClosing" finished-at="2025-04-29T11:15:35 IST" duration-ms="614" status="PASS">
          <reporter-output>
          </reporter-output>
        </test-method> <!-- browserClosing -->
        <test-method is-config="true" signature="Login()[pri:0, instance:criticalTestScripts.StatutoryMGMT@5e0e82ae]" started-at="2025-04-29T11:15:35 IST" name="Login" finished-at="2025-04-29T11:17:13 IST" duration-ms="98663" status="PASS">
          <reporter-output>
          </reporter-output>
        </test-method> <!-- Login -->
        <test-method signature="ComplianceDocuments()[pri:77, instance:criticalTestScripts.StatutoryMGMT@5e0e82ae]" started-at="2025-04-29T11:17:13 IST" name="ComplianceDocuments" finished-at="2025-04-29T11:19:07 IST" duration-ms="113933" status="PASS">
          <reporter-output>
          </reporter-output>
        </test-method> <!-- ComplianceDocuments -->
        <test-method is-config="true" signature="browserClosing()[pri:0, instance:criticalTestScripts.StatutoryMGMT@5e0e82ae]" started-at="2025-04-29T11:19:07 IST" name="browserClosing" finished-at="2025-04-29T11:19:08 IST" duration-ms="578" status="PASS">
          <reporter-output>
          </reporter-output>
        </test-method> <!-- browserClosing -->
        <test-method is-config="true" signature="Login()[pri:0, instance:criticalTestScripts.StatutoryMGMT@5e0e82ae]" started-at="2025-04-29T11:19:08 IST" name="Login" finished-at="2025-04-29T11:20:45 IST" duration-ms="97106" status="PASS">
          <reporter-output>
          </reporter-output>
        </test-method> <!-- Login -->
        <test-method signature="NCcompletionVsNCOverdue()[pri:78, instance:criticalTestScripts.StatutoryMGMT@5e0e82ae]" started-at="2025-04-29T11:20:45 IST" name="NCcompletionVsNCOverdue" finished-at="2025-04-29T11:21:09 IST" duration-ms="24245" status="PASS">
          <reporter-output>
          </reporter-output>
        </test-method> <!-- NCcompletionVsNCOverdue -->
        <test-method is-config="true" signature="browserClosing()[pri:0, instance:criticalTestScripts.StatutoryMGMT@5e0e82ae]" started-at="2025-04-29T11:21:09 IST" name="browserClosing" finished-at="2025-04-29T11:21:10 IST" duration-ms="645" status="PASS">
          <reporter-output>
          </reporter-output>
        </test-method> <!-- browserClosing -->
        <test-method is-config="true" signature="Login()[pri:0, instance:criticalTestScripts.StatutoryMGMT@5e0e82ae]" started-at="2025-04-29T11:21:10 IST" name="Login" finished-at="2025-04-29T11:22:53 IST" duration-ms="103267" status="PASS">
          <reporter-output>
          </reporter-output>
        </test-method> <!-- Login -->
        <test-method signature="DetailedreportVsdashboardNotCompletedcount()[pri:79, instance:criticalTestScripts.StatutoryMGMT@5e0e82ae]" started-at="2025-04-29T11:22:53 IST" name="DetailedreportVsdashboardNotCompletedcount" finished-at="2025-04-29T11:25:15 IST" duration-ms="142123" status="PASS">
          <reporter-output>
          </reporter-output>
        </test-method> <!-- DetailedreportVsdashboardNotCompletedcount -->
        <test-method is-config="true" signature="browserClosing()[pri:0, instance:criticalTestScripts.StatutoryMGMT@5e0e82ae]" started-at="2025-04-29T11:25:15 IST" name="browserClosing" finished-at="2025-04-29T11:25:16 IST" duration-ms="641" status="PASS">
          <reporter-output>
          </reporter-output>
        </test-method> <!-- browserClosing -->
        <test-method is-config="true" signature="Login()[pri:0, instance:criticalTestScripts.StatutoryMGMT@5e0e82ae]" started-at="2025-04-29T11:25:16 IST" name="Login" finished-at="2025-04-29T11:27:23 IST" duration-ms="127578" status="PASS">
          <reporter-output>
          </reporter-output>
        </test-method> <!-- Login -->
        <test-method signature="DetailedreportVsdashboardCloseddealyedcount()[pri:80, instance:criticalTestScripts.StatutoryMGMT@5e0e82ae]" started-at="2025-04-29T11:27:23 IST" name="DetailedreportVsdashboardCloseddealyedcount" finished-at="2025-04-29T11:29:21 IST" duration-ms="117939" status="PASS">
          <reporter-output>
          </reporter-output>
        </test-method> <!-- DetailedreportVsdashboardCloseddealyedcount -->
        <test-method is-config="true" signature="browserClosing()[pri:0, instance:criticalTestScripts.StatutoryMGMT@5e0e82ae]" started-at="2025-04-29T11:29:21 IST" name="browserClosing" finished-at="2025-04-29T11:29:22 IST" duration-ms="729" status="PASS">
          <reporter-output>
          </reporter-output>
        </test-method> <!-- browserClosing -->
        <test-method is-config="true" signature="Login()[pri:0, instance:criticalTestScripts.StatutoryMGMT@5e0e82ae]" started-at="2025-04-29T11:29:22 IST" name="Login" finished-at="2025-04-29T11:31:01 IST" duration-ms="98871" status="PASS">
          <reporter-output>
          </reporter-output>
        </test-method> <!-- Login -->
        <test-method signature="DetailedreportVsdashboardclosedtimelycount()[pri:81, instance:criticalTestScripts.StatutoryMGMT@5e0e82ae]" started-at="2025-04-29T11:31:01 IST" name="DetailedreportVsdashboardclosedtimelycount" finished-at="2025-04-29T11:32:52 IST" duration-ms="110608" status="PASS">
          <reporter-output>
          </reporter-output>
        </test-method> <!-- DetailedreportVsdashboardclosedtimelycount -->
        <test-method is-config="true" signature="browserClosing()[pri:0, instance:criticalTestScripts.StatutoryMGMT@5e0e82ae]" started-at="2025-04-29T11:32:52 IST" name="browserClosing" finished-at="2025-04-29T11:32:52 IST" duration-ms="468" status="PASS">
          <reporter-output>
          </reporter-output>
        </test-method> <!-- browserClosing -->
        <test-method is-config="true" signature="Login()[pri:0, instance:criticalTestScripts.StatutoryMGMT@5e0e82ae]" started-at="2025-04-29T11:32:52 IST" name="Login" finished-at="2025-04-29T11:34:29 IST" duration-ms="96828" status="PASS">
          <reporter-output>
          </reporter-output>
        </test-method> <!-- Login -->
        <test-method signature="DetailedreportVsdashboardNAcount()[pri:82, instance:criticalTestScripts.StatutoryMGMT@5e0e82ae]" started-at="2025-04-29T11:34:29 IST" name="DetailedreportVsdashboardNAcount" finished-at="2025-04-29T11:36:26 IST" duration-ms="117526" status="PASS">
          <reporter-output>
          </reporter-output>
        </test-method> <!-- DetailedreportVsdashboardNAcount -->
        <test-method is-config="true" signature="browserClosing()[pri:0, instance:criticalTestScripts.StatutoryMGMT@5e0e82ae]" started-at="2025-04-29T11:36:26 IST" name="browserClosing" finished-at="2025-04-29T11:36:27 IST" duration-ms="533" status="PASS">
          <reporter-output>
          </reporter-output>
        </test-method> <!-- browserClosing -->
        <test-method is-config="true" signature="Login()[pri:0, instance:criticalTestScripts.StatutoryMGMT@5e0e82ae]" started-at="2025-04-29T11:36:27 IST" name="Login" finished-at="2025-04-29T11:38:22 IST" duration-ms="115281" status="PASS">
          <reporter-output>
          </reporter-output>
        </test-method> <!-- Login -->
        <test-method signature="DetailedreportVsOverduecount()[pri:83, instance:criticalTestScripts.StatutoryMGMT@5e0e82ae]" started-at="2025-04-29T11:38:22 IST" name="DetailedreportVsOverduecount" finished-at="2025-04-29T11:40:23 IST" duration-ms="120442" status="PASS">
          <reporter-output>
          </reporter-output>
        </test-method> <!-- DetailedreportVsOverduecount -->
        <test-method is-config="true" signature="browserClosing()[pri:0, instance:criticalTestScripts.StatutoryMGMT@5e0e82ae]" started-at="2025-04-29T11:40:23 IST" name="browserClosing" finished-at="2025-04-29T11:40:23 IST" duration-ms="416" status="PASS">
          <reporter-output>
          </reporter-output>
        </test-method> <!-- browserClosing -->
        <test-method is-config="true" signature="Login()[pri:0, instance:criticalTestScripts.StatutoryMGMT@5e0e82ae]" started-at="2025-04-29T11:40:23 IST" name="Login" finished-at="2025-04-29T11:42:24 IST" duration-ms="121411" status="PASS">
          <reporter-output>
          </reporter-output>
        </test-method> <!-- Login -->
        <test-method signature="DetailedreportVsDueTodaycount()[pri:84, instance:criticalTestScripts.StatutoryMGMT@5e0e82ae]" started-at="2025-04-29T11:42:24 IST" name="DetailedreportVsDueTodaycount" finished-at="2025-04-29T11:44:26 IST" duration-ms="121628" status="PASS">
          <reporter-output>
          </reporter-output>
        </test-method> <!-- DetailedreportVsDueTodaycount -->
        <test-method is-config="true" signature="browserClosing()[pri:0, instance:criticalTestScripts.StatutoryMGMT@5e0e82ae]" started-at="2025-04-29T11:44:26 IST" name="browserClosing" finished-at="2025-04-29T11:44:27 IST" duration-ms="872" status="PASS">
          <reporter-output>
          </reporter-output>
        </test-method> <!-- browserClosing -->
        <test-method is-config="true" signature="Login()[pri:0, instance:criticalTestScripts.StatutoryMGMT@5e0e82ae]" started-at="2025-04-29T11:44:27 IST" name="Login" finished-at="2025-04-29T11:46:17 IST" duration-ms="110344" status="PASS">
          <reporter-output>
          </reporter-output>
        </test-method> <!-- Login -->
        <test-method signature="DetailedreportVsPFRcount()[pri:85, instance:criticalTestScripts.StatutoryMGMT@5e0e82ae]" started-at="2025-04-29T11:46:17 IST" name="DetailedreportVsPFRcount" finished-at="2025-04-29T11:48:24 IST" duration-ms="126510" status="PASS">
          <reporter-output>
          </reporter-output>
        </test-method> <!-- DetailedreportVsPFRcount -->
        <test-method is-config="true" signature="browserClosing()[pri:0, instance:criticalTestScripts.StatutoryMGMT@5e0e82ae]" started-at="2025-04-29T11:48:24 IST" name="browserClosing" finished-at="2025-04-29T11:48:25 IST" duration-ms="1688" status="PASS">
          <reporter-output>
          </reporter-output>
        </test-method> <!-- browserClosing -->
        <test-method is-config="true" signature="Login()[pri:0, instance:criticalTestScripts.StatutoryMGMT@5e0e82ae]" started-at="2025-04-29T11:48:25 IST" name="Login" finished-at="2025-04-29T11:50:57 IST" duration-ms="151904" status="PASS">
          <reporter-output>
          </reporter-output>
        </test-method> <!-- Login -->
        <test-method signature="DetailedreportVsINprocount()[pri:86, instance:criticalTestScripts.StatutoryMGMT@5e0e82ae]" started-at="2025-04-29T11:50:57 IST" name="DetailedreportVsINprocount" finished-at="2025-04-29T11:53:02 IST" duration-ms="124727" status="PASS">
          <reporter-output>
          </reporter-output>
        </test-method> <!-- DetailedreportVsINprocount -->
        <test-method is-config="true" signature="browserClosing()[pri:0, instance:criticalTestScripts.StatutoryMGMT@5e0e82ae]" started-at="2025-04-29T11:53:02 IST" name="browserClosing" finished-at="2025-04-29T11:53:03 IST" duration-ms="815" status="PASS">
          <reporter-output>
          </reporter-output>
        </test-method> <!-- browserClosing -->
        <test-method is-config="true" signature="Login()[pri:0, instance:criticalTestScripts.StatutoryMGMT@5e0e82ae]" started-at="2025-04-29T11:53:03 IST" name="Login" finished-at="2025-04-29T11:55:01 IST" duration-ms="118479" status="PASS">
          <reporter-output>
          </reporter-output>
        </test-method> <!-- Login -->
        <test-method signature="DetailedreportVsRejectedcount()[pri:87, instance:criticalTestScripts.StatutoryMGMT@5e0e82ae]" started-at="2025-04-29T11:55:01 IST" name="DetailedreportVsRejectedcount" finished-at="2025-04-29T11:57:52 IST" duration-ms="171000" status="PASS">
          <reporter-output>
          </reporter-output>
        </test-method> <!-- DetailedreportVsRejectedcount -->
        <test-method is-config="true" signature="browserClosing()[pri:0, instance:criticalTestScripts.StatutoryMGMT@5e0e82ae]" started-at="2025-04-29T11:57:52 IST" name="browserClosing" finished-at="2025-04-29T11:57:54 IST" duration-ms="1234" status="PASS">
          <reporter-output>
          </reporter-output>
        </test-method> <!-- browserClosing -->
        <test-method is-config="true" signature="Login()[pri:0, instance:criticalTestScripts.StatutoryMGMT@5e0e82ae]" started-at="2025-04-29T11:57:54 IST" name="Login" finished-at="2025-04-29T12:00:44 IST" duration-ms="170854" status="PASS">
          <reporter-output>
          </reporter-output>
        </test-method> <!-- Login -->
        <test-method signature="DetailedreportVsCommercialCriticalcount()[pri:88, instance:criticalTestScripts.StatutoryMGMT@5e0e82ae]" started-at="2025-04-29T12:00:44 IST" name="DetailedreportVsCommercialCriticalcount" finished-at="2025-04-29T12:03:29 IST" duration-ms="164931" status="PASS">
          <reporter-output>
          </reporter-output>
        </test-method> <!-- DetailedreportVsCommercialCriticalcount -->
        <test-method is-config="true" signature="browserClosing()[pri:0, instance:criticalTestScripts.StatutoryMGMT@5e0e82ae]" started-at="2025-04-29T12:03:29 IST" name="browserClosing" finished-at="2025-04-29T12:03:30 IST" duration-ms="988" status="PASS">
          <reporter-output>
          </reporter-output>
        </test-method> <!-- browserClosing -->
        <test-method is-config="true" signature="Login()[pri:0, instance:criticalTestScripts.StatutoryMGMT@5e0e82ae]" started-at="2025-04-29T12:03:30 IST" name="Login" finished-at="2025-04-29T12:05:14 IST" duration-ms="104051" status="PASS">
          <reporter-output>
          </reporter-output>
        </test-method> <!-- Login -->
        <test-method signature="DetailedreportVsCommercialHighcount()[pri:89, instance:criticalTestScripts.StatutoryMGMT@5e0e82ae]" started-at="2025-04-29T12:05:14 IST" name="DetailedreportVsCommercialHighcount" finished-at="2025-04-29T12:08:38 IST" duration-ms="203807" status="PASS">
          <reporter-output>
          </reporter-output>
        </test-method> <!-- DetailedreportVsCommercialHighcount -->
        <test-method is-config="true" signature="browserClosing()[pri:0, instance:criticalTestScripts.StatutoryMGMT@5e0e82ae]" started-at="2025-04-29T12:08:38 IST" name="browserClosing" finished-at="2025-04-29T12:08:39 IST" duration-ms="1049" status="PASS">
          <reporter-output>
          </reporter-output>
        </test-method> <!-- browserClosing -->
        <test-method is-config="true" signature="Login()[pri:0, instance:criticalTestScripts.StatutoryMGMT@5e0e82ae]" started-at="2025-04-29T12:08:39 IST" name="Login" finished-at="2025-04-29T12:10:23 IST" duration-ms="103969" status="PASS">
          <reporter-output>
          </reporter-output>
        </test-method> <!-- Login -->
        <test-method signature="DetailedreportVsCommercialMediumcount()[pri:90, instance:criticalTestScripts.StatutoryMGMT@5e0e82ae]" started-at="2025-04-29T12:10:23 IST" name="DetailedreportVsCommercialMediumcount" finished-at="2025-04-29T12:13:02 IST" duration-ms="159220" status="PASS">
          <reporter-output>
          </reporter-output>
        </test-method> <!-- DetailedreportVsCommercialMediumcount -->
        <test-method is-config="true" signature="browserClosing()[pri:0, instance:criticalTestScripts.StatutoryMGMT@5e0e82ae]" started-at="2025-04-29T12:13:03 IST" name="browserClosing" finished-at="2025-04-29T12:13:04 IST" duration-ms="1230" status="PASS">
          <reporter-output>
          </reporter-output>
        </test-method> <!-- browserClosing -->
        <test-method is-config="true" signature="Login()[pri:0, instance:criticalTestScripts.StatutoryMGMT@5e0e82ae]" started-at="2025-04-29T12:13:04 IST" name="Login" finished-at="2025-04-29T12:14:45 IST" duration-ms="101228" status="PASS">
          <reporter-output>
          </reporter-output>
        </test-method> <!-- Login -->
        <test-method signature="DetailedreportVsCommercialLowcount()[pri:91, instance:criticalTestScripts.StatutoryMGMT@5e0e82ae]" started-at="2025-04-29T12:14:45 IST" name="DetailedreportVsCommercialLowcount" finished-at="2025-04-29T12:17:32 IST" duration-ms="166566" status="PASS">
          <reporter-output>
          </reporter-output>
        </test-method> <!-- DetailedreportVsCommercialLowcount -->
        <test-method is-config="true" signature="browserClosing()[pri:0, instance:criticalTestScripts.StatutoryMGMT@5e0e82ae]" started-at="2025-04-29T12:17:32 IST" name="browserClosing" finished-at="2025-04-29T12:17:32 IST" duration-ms="920" status="PASS">
          <reporter-output>
          </reporter-output>
        </test-method> <!-- browserClosing -->
        <test-method is-config="true" signature="Login()[pri:0, instance:criticalTestScripts.StatutoryMGMT@5e0e82ae]" started-at="2025-04-29T12:17:32 IST" name="Login" finished-at="2025-04-29T12:19:18 IST" duration-ms="105942" status="PASS">
          <reporter-output>
          </reporter-output>
        </test-method> <!-- Login -->
        <test-method signature="riskSummaryCriticalNotCompleted1()[pri:92, instance:criticalTestScripts.StatutoryMGMT@5e0e82ae]" started-at="2025-04-29T12:19:18 IST" name="riskSummaryCriticalNotCompleted1" finished-at="2025-04-29T12:21:34 IST" duration-ms="135353" status="PASS">
          <reporter-output>
          </reporter-output>
        </test-method> <!-- riskSummaryCriticalNotCompleted1 -->
        <test-method is-config="true" signature="browserClosing()[pri:0, instance:criticalTestScripts.StatutoryMGMT@5e0e82ae]" started-at="2025-04-29T12:21:34 IST" name="browserClosing" finished-at="2025-04-29T12:21:34 IST" duration-ms="645" status="PASS">
          <reporter-output>
          </reporter-output>
        </test-method> <!-- browserClosing -->
        <test-method is-config="true" signature="Login()[pri:0, instance:criticalTestScripts.StatutoryMGMT@5e0e82ae]" started-at="2025-04-29T12:21:34 IST" name="Login" finished-at="2025-04-29T12:23:22 IST" duration-ms="107444" status="PASS">
          <reporter-output>
          </reporter-output>
        </test-method> <!-- Login -->
        <test-method signature="riskSummaryClosedDelayed()[pri:93, instance:criticalTestScripts.StatutoryMGMT@5e0e82ae]" started-at="2025-04-29T12:23:22 IST" name="riskSummaryClosedDelayed" finished-at="2025-04-29T12:23:31 IST" duration-ms="8677" status="FAIL">
          <exception class="java.lang.NumberFormatException">
            <message>
              <![CDATA[For input string: ""]]>
            </message>
            <full-stacktrace>
              <![CDATA[java.lang.NumberFormatException: For input string: ""
at java.base/java.lang.NumberFormatException.forInputString(NumberFormatException.java:67)
at java.base/java.lang.Integer.parseInt(Integer.java:565)
at java.base/java.lang.Integer.parseInt(Integer.java:685)
at auditor.AuditorcountPOM.riskSummaryClosedDelayed(AuditorcountPOM.java:6290)
at criticalTestScripts.StatutoryMGMT.riskSummaryClosedDelayed(StatutoryMGMT.java:3952)
at java.base/jdk.internal.reflect.DirectMethodHandleAccessor.invoke(DirectMethodHandleAccessor.java:103)
at java.base/java.lang.reflect.Method.invoke(Method.java:580)
at org.testng.internal.MethodInvocationHelper.invokeMethod(MethodInvocationHelper.java:133)
at org.testng.internal.TestInvoker.invokeMethod(TestInvoker.java:598)
at org.testng.internal.TestInvoker.invokeTestMethod(TestInvoker.java:173)
at org.testng.internal.MethodRunner.runInSequence(MethodRunner.java:46)
at org.testng.internal.TestInvoker$MethodInvocationAgent.invoke(TestInvoker.java:824)
at org.testng.internal.TestInvoker.invokeTestMethods(TestInvoker.java:146)
at org.testng.internal.TestMethodWorker.invokeTestMethods(TestMethodWorker.java:146)
at org.testng.internal.TestMethodWorker.run(TestMethodWorker.java:128)
at java.base/java.util.ArrayList.forEach(ArrayList.java:1597)
at org.testng.TestRunner.privateRun(TestRunner.java:794)
at org.testng.TestRunner.run(TestRunner.java:596)
at org.testng.SuiteRunner.runTest(SuiteRunner.java:377)
at org.testng.SuiteRunner.runSequentially(SuiteRunner.java:371)
at org.testng.SuiteRunner.privateRun(SuiteRunner.java:332)
at org.testng.SuiteRunner.run(SuiteRunner.java:276)
at org.testng.SuiteRunnerWorker.runSuite(SuiteRunnerWorker.java:53)
at org.testng.SuiteRunnerWorker.run(SuiteRunnerWorker.java:96)
at org.testng.TestNG.runSuitesSequentially(TestNG.java:1212)
at org.testng.TestNG.runSuitesLocally(TestNG.java:1134)
at org.testng.TestNG.runSuites(TestNG.java:1063)
at org.testng.TestNG.run(TestNG.java:1031)
at org.testng.remote.AbstractRemoteTestNG.run(AbstractRemoteTestNG.java:115)
at org.testng.remote.RemoteTestNG.initAndRun(RemoteTestNG.java:293)
at org.testng.remote.RemoteTestNG.main(RemoteTestNG.java:91)
]]>
            </full-stacktrace>
          </exception> <!-- java.lang.NumberFormatException -->
          <reporter-output>
          </reporter-output>
        </test-method> <!-- riskSummaryClosedDelayed -->
        <test-method is-config="true" signature="browserClosing()[pri:0, instance:criticalTestScripts.StatutoryMGMT@5e0e82ae]" started-at="2025-04-29T12:23:31 IST" name="browserClosing" finished-at="2025-04-29T12:23:31 IST" duration-ms="751" status="PASS">
          <reporter-output>
          </reporter-output>
        </test-method> <!-- browserClosing -->
        <test-method is-config="true" signature="Login()[pri:0, instance:criticalTestScripts.StatutoryMGMT@5e0e82ae]" started-at="2025-04-29T12:23:31 IST" name="Login" finished-at="2025-04-29T12:25:13 IST" duration-ms="101341" status="PASS">
          <reporter-output>
          </reporter-output>
        </test-method> <!-- Login -->
        <test-method signature="riskSummaryClosedTimely()[pri:94, instance:criticalTestScripts.StatutoryMGMT@5e0e82ae]" started-at="2025-04-29T12:25:13 IST" name="riskSummaryClosedTimely" finished-at="2025-04-29T12:25:21 IST" duration-ms="8687" status="FAIL">
          <exception class="java.lang.NumberFormatException">
            <message>
              <![CDATA[For input string: ""]]>
            </message>
            <full-stacktrace>
              <![CDATA[java.lang.NumberFormatException: For input string: ""
at java.base/java.lang.NumberFormatException.forInputString(NumberFormatException.java:67)
at java.base/java.lang.Integer.parseInt(Integer.java:565)
at java.base/java.lang.Integer.parseInt(Integer.java:685)
at auditor.AuditorcountPOM.riskSummaryClosedTimely(AuditorcountPOM.java:6828)
at criticalTestScripts.StatutoryMGMT.riskSummaryClosedTimely(StatutoryMGMT.java:3962)
at java.base/jdk.internal.reflect.DirectMethodHandleAccessor.invoke(DirectMethodHandleAccessor.java:103)
at java.base/java.lang.reflect.Method.invoke(Method.java:580)
at org.testng.internal.MethodInvocationHelper.invokeMethod(MethodInvocationHelper.java:133)
at org.testng.internal.TestInvoker.invokeMethod(TestInvoker.java:598)
at org.testng.internal.TestInvoker.invokeTestMethod(TestInvoker.java:173)
at org.testng.internal.MethodRunner.runInSequence(MethodRunner.java:46)
at org.testng.internal.TestInvoker$MethodInvocationAgent.invoke(TestInvoker.java:824)
at org.testng.internal.TestInvoker.invokeTestMethods(TestInvoker.java:146)
at org.testng.internal.TestMethodWorker.invokeTestMethods(TestMethodWorker.java:146)
at org.testng.internal.TestMethodWorker.run(TestMethodWorker.java:128)
at java.base/java.util.ArrayList.forEach(ArrayList.java:1597)
at org.testng.TestRunner.privateRun(TestRunner.java:794)
at org.testng.TestRunner.run(TestRunner.java:596)
at org.testng.SuiteRunner.runTest(SuiteRunner.java:377)
at org.testng.SuiteRunner.runSequentially(SuiteRunner.java:371)
at org.testng.SuiteRunner.privateRun(SuiteRunner.java:332)
at org.testng.SuiteRunner.run(SuiteRunner.java:276)
at org.testng.SuiteRunnerWorker.runSuite(SuiteRunnerWorker.java:53)
at org.testng.SuiteRunnerWorker.run(SuiteRunnerWorker.java:96)
at org.testng.TestNG.runSuitesSequentially(TestNG.java:1212)
at org.testng.TestNG.runSuitesLocally(TestNG.java:1134)
at org.testng.TestNG.runSuites(TestNG.java:1063)
at org.testng.TestNG.run(TestNG.java:1031)
at org.testng.remote.AbstractRemoteTestNG.run(AbstractRemoteTestNG.java:115)
at org.testng.remote.RemoteTestNG.initAndRun(RemoteTestNG.java:293)
at org.testng.remote.RemoteTestNG.main(RemoteTestNG.java:91)
]]>
            </full-stacktrace>
          </exception> <!-- java.lang.NumberFormatException -->
          <reporter-output>
          </reporter-output>
        </test-method> <!-- riskSummaryClosedTimely -->
        <test-method is-config="true" signature="browserClosing()[pri:0, instance:criticalTestScripts.StatutoryMGMT@5e0e82ae]" started-at="2025-04-29T12:25:21 IST" name="browserClosing" finished-at="2025-04-29T12:25:22 IST" duration-ms="1017" status="PASS">
          <reporter-output>
          </reporter-output>
        </test-method> <!-- browserClosing -->
        <test-method is-config="true" signature="Login()[pri:0, instance:criticalTestScripts.StatutoryMGMT@5e0e82ae]" started-at="2025-04-29T12:25:22 IST" name="Login" finished-at="2025-04-29T12:27:08 IST" duration-ms="105853" status="PASS">
          <reporter-output>
          </reporter-output>
        </test-method> <!-- Login -->
        <test-method signature="riskSummaryNotApplicable()[pri:95, instance:criticalTestScripts.StatutoryMGMT@5e0e82ae]" started-at="2025-04-29T12:27:08 IST" name="riskSummaryNotApplicable" finished-at="2025-04-29T12:29:30 IST" duration-ms="141589" status="PASS">
          <reporter-output>
          </reporter-output>
        </test-method> <!-- riskSummaryNotApplicable -->
        <test-method is-config="true" signature="browserClosing()[pri:0, instance:criticalTestScripts.StatutoryMGMT@5e0e82ae]" started-at="2025-04-29T12:29:30 IST" name="browserClosing" finished-at="2025-04-29T12:29:31 IST" duration-ms="952" status="PASS">
          <reporter-output>
          </reporter-output>
        </test-method> <!-- browserClosing -->
        <test-method is-config="true" signature="Login()[pri:0, instance:criticalTestScripts.StatutoryMGMT@5e0e82ae]" started-at="2025-04-29T12:29:31 IST" name="Login" finished-at="2025-04-29T12:31:11 IST" duration-ms="100098" status="PASS">
          <reporter-output>
          </reporter-output>
        </test-method> <!-- Login -->
        <test-method signature="DepartmentSummaryOverdue()[pri:96, instance:criticalTestScripts.StatutoryMGMT@5e0e82ae]" started-at="2025-04-29T12:31:11 IST" name="DepartmentSummaryOverdue" finished-at="2025-04-29T12:33:28 IST" duration-ms="136696" status="PASS">
          <reporter-output>
          </reporter-output>
        </test-method> <!-- DepartmentSummaryOverdue -->
        <test-method is-config="true" signature="browserClosing()[pri:0, instance:criticalTestScripts.StatutoryMGMT@5e0e82ae]" started-at="2025-04-29T12:33:28 IST" name="browserClosing" finished-at="2025-04-29T12:33:28 IST" duration-ms="794" status="PASS">
          <reporter-output>
          </reporter-output>
        </test-method> <!-- browserClosing -->
        <test-method is-config="true" signature="Login()[pri:0, instance:criticalTestScripts.StatutoryMGMT@5e0e82ae]" started-at="2025-04-29T12:33:28 IST" name="Login" finished-at="2025-04-29T12:35:22 IST" duration-ms="113385" status="PASS">
          <reporter-output>
          </reporter-output>
        </test-method> <!-- Login -->
        <test-method signature="DepartmentSummaryClosedDelayed()[pri:97, instance:criticalTestScripts.StatutoryMGMT@5e0e82ae]" started-at="2025-04-29T12:35:22 IST" name="DepartmentSummaryClosedDelayed" finished-at="2025-04-29T12:37:41 IST" duration-ms="139621" status="PASS">
          <reporter-output>
          </reporter-output>
        </test-method> <!-- DepartmentSummaryClosedDelayed -->
        <test-method is-config="true" signature="browserClosing()[pri:0, instance:criticalTestScripts.StatutoryMGMT@5e0e82ae]" started-at="2025-04-29T12:37:41 IST" name="browserClosing" finished-at="2025-04-29T12:37:42 IST" duration-ms="772" status="PASS">
          <reporter-output>
          </reporter-output>
        </test-method> <!-- browserClosing -->
        <test-method is-config="true" signature="Login()[pri:0, instance:criticalTestScripts.StatutoryMGMT@5e0e82ae]" started-at="2025-04-29T12:37:42 IST" name="Login" finished-at="2025-04-29T12:39:35 IST" duration-ms="113409" status="PASS">
          <reporter-output>
          </reporter-output>
        </test-method> <!-- Login -->
        <test-method signature="DepartmentSummaryClosedT()[pri:98, instance:criticalTestScripts.StatutoryMGMT@5e0e82ae]" started-at="2025-04-29T12:39:35 IST" name="DepartmentSummaryClosedT" finished-at="2025-04-29T12:42:00 IST" duration-ms="144170" status="PASS">
          <reporter-output>
          </reporter-output>
        </test-method> <!-- DepartmentSummaryClosedT -->
        <test-method is-config="true" signature="browserClosing()[pri:0, instance:criticalTestScripts.StatutoryMGMT@5e0e82ae]" started-at="2025-04-29T12:42:00 IST" name="browserClosing" finished-at="2025-04-29T12:42:00 IST" duration-ms="804" status="PASS">
          <reporter-output>
          </reporter-output>
        </test-method> <!-- browserClosing -->
        <test-method is-config="true" signature="Login()[pri:0, instance:criticalTestScripts.StatutoryMGMT@5e0e82ae]" started-at="2025-04-29T12:42:00 IST" name="Login" finished-at="2025-04-29T12:43:49 IST" duration-ms="108879" status="PASS">
          <reporter-output>
          </reporter-output>
        </test-method> <!-- Login -->
        <test-method signature="DepartmentSummaPR()[pri:99, instance:criticalTestScripts.StatutoryMGMT@5e0e82ae]" started-at="2025-04-29T12:43:49 IST" name="DepartmentSummaPR" finished-at="2025-04-29T12:44:27 IST" duration-ms="37906" status="FAIL">
          <exception class="org.openqa.selenium.NoSuchElementException">
            <message>
              <![CDATA[no such element: Unable to locate element: {"method":"xpath","selector":"(//*[@class='highcharts-label highcharts-data-label highcharts-data-label-color-undefined '])[45]"}
  (Session info: chrome=135.0.7049.115)
For documentation on this error, please visit: http://seleniumhq.org/exceptions/no_such_element.html
Build info: version: '3.141.0', revision: '2ecb7d9a', time: '2018-10-31T20:09:30'
System info: host: 'TRPL-PUN-0113', ip: '192.168.1.4', os.name: 'Windows 11', os.arch: 'amd64', os.version: '10.0', java.version: '23.0.2'
Driver info: org.openqa.selenium.chrome.ChromeDriver
Capabilities {acceptInsecureCerts: false, browserName: chrome, browserVersion: 135.0.7049.115, chrome: {chromedriverVersion: 135.0.7049.84 (6c019e560019..., userDataDir: C:\Users\mayurig\AppData\Lo...}, fedcm:accounts: true, goog:chromeOptions: {debuggerAddress: localhost:51557}, javascriptEnabled: true, networkConnectionEnabled: false, pageLoadStrategy: normal, platform: WINDOWS, platformName: WINDOWS, proxy: Proxy(), setWindowRect: true, strictFileInteractability: false, timeouts: {implicit: 0, pageLoad: 300000, script: 30000}, unhandledPromptBehavior: dismiss and notify, webauthn:extension:credBlob: true, webauthn:extension:largeBlob: true, webauthn:extension:minPinLength: true, webauthn:extension:prf: true, webauthn:virtualAuthenticators: true}
Session ID: 74784609b7f2a36210a4cc47f0550022
*** Element info: {Using=xpath, value=(//*[@class='highcharts-label highcharts-data-label highcharts-data-label-color-undefined '])[45]}]]>
            </message>
            <full-stacktrace>
              <![CDATA[org.openqa.selenium.NoSuchElementException: no such element: Unable to locate element: {"method":"xpath","selector":"(//*[@class='highcharts-label highcharts-data-label highcharts-data-label-color-undefined '])[45]"}
  (Session info: chrome=135.0.7049.115)
For documentation on this error, please visit: http://seleniumhq.org/exceptions/no_such_element.html
Build info: version: '3.141.0', revision: '2ecb7d9a', time: '2018-10-31T20:09:30'
System info: host: 'TRPL-PUN-0113', ip: '192.168.1.4', os.name: 'Windows 11', os.arch: 'amd64', os.version: '10.0', java.version: '23.0.2'
Driver info: org.openqa.selenium.chrome.ChromeDriver
Capabilities {acceptInsecureCerts: false, browserName: chrome, browserVersion: 135.0.7049.115, chrome: {chromedriverVersion: 135.0.7049.84 (6c019e560019..., userDataDir: C:\Users\mayurig\AppData\Lo...}, fedcm:accounts: true, goog:chromeOptions: {debuggerAddress: localhost:51557}, javascriptEnabled: true, networkConnectionEnabled: false, pageLoadStrategy: normal, platform: WINDOWS, platformName: WINDOWS, proxy: Proxy(), setWindowRect: true, strictFileInteractability: false, timeouts: {implicit: 0, pageLoad: 300000, script: 30000}, unhandledPromptBehavior: dismiss and notify, webauthn:extension:credBlob: true, webauthn:extension:largeBlob: true, webauthn:extension:minPinLength: true, webauthn:extension:prf: true, webauthn:virtualAuthenticators: true}
Session ID: 74784609b7f2a36210a4cc47f0550022
*** Element info: {Using=xpath, value=(//*[@class='highcharts-label highcharts-data-label highcharts-data-label-color-undefined '])[45]}
at java.base/jdk.internal.reflect.DirectConstructorHandleAccessor.newInstance(DirectConstructorHandleAccessor.java:62)
at java.base/java.lang.reflect.Constructor.newInstanceWithCaller(Constructor.java:501)
at java.base/java.lang.reflect.Constructor.newInstance(Constructor.java:485)
at org.openqa.selenium.remote.http.W3CHttpResponseCodec.createException(W3CHttpResponseCodec.java:187)
at org.openqa.selenium.remote.http.W3CHttpResponseCodec.decode(W3CHttpResponseCodec.java:122)
at org.openqa.selenium.remote.http.W3CHttpResponseCodec.decode(W3CHttpResponseCodec.java:49)
at org.openqa.selenium.remote.HttpCommandExecutor.execute(HttpCommandExecutor.java:158)
at org.openqa.selenium.remote.service.DriverCommandExecutor.execute(DriverCommandExecutor.java:83)
at org.openqa.selenium.remote.RemoteWebDriver.execute(RemoteWebDriver.java:552)
at org.openqa.selenium.remote.RemoteWebDriver.findElement(RemoteWebDriver.java:323)
at org.openqa.selenium.remote.RemoteWebDriver.findElementByXPath(RemoteWebDriver.java:428)
at org.openqa.selenium.By$ByXPath.findElement(By.java:353)
at org.openqa.selenium.remote.RemoteWebDriver.findElement(RemoteWebDriver.java:315)
at cfo.CFOcountPOM.clickComplianceIsecPendingReviewDemo(CFOcountPOM.java:2316)
at auditor.AuditorcountPOM.DepartmentSummaPR(AuditorcountPOM.java:9598)
at criticalTestScripts.StatutoryMGMT.DepartmentSummaPR(StatutoryMGMT.java:4012)
at java.base/jdk.internal.reflect.DirectMethodHandleAccessor.invoke(DirectMethodHandleAccessor.java:103)
at java.base/java.lang.reflect.Method.invoke(Method.java:580)
at org.testng.internal.MethodInvocationHelper.invokeMethod(MethodInvocationHelper.java:133)
at org.testng.internal.TestInvoker.invokeMethod(TestInvoker.java:598)
at org.testng.internal.TestInvoker.invokeTestMethod(TestInvoker.java:173)
at org.testng.internal.MethodRunner.runInSequence(MethodRunner.java:46)
at org.testng.internal.TestInvoker$MethodInvocationAgent.invoke(TestInvoker.java:824)
at org.testng.internal.TestInvoker.invokeTestMethods(TestInvoker.java:146)
at org.testng.internal.TestMethodWorker.invokeTestMethods(TestMethodWorker.java:146)
at org.testng.internal.TestMethodWorker.run(TestMethodWorker.java:128)
at java.base/java.util.ArrayList.forEach(ArrayList.java:1597)
at org.testng.TestRunner.privateRun(TestRunner.java:794)
at org.testng.TestRunner.run(TestRunner.java:596)
at org.testng.SuiteRunner.runTest(SuiteRunner.java:377)
at org.testng.SuiteRunner.runSequentially(SuiteRunner.java:371)
at org.testng.SuiteRunner.privateRun(SuiteRunner.java:332)
at org.testng.SuiteRunner.run(SuiteRunner.java:276)
at org.testng.SuiteRunnerWorker.runSuite(SuiteRunnerWorker.java:53)
at org.testng.SuiteRunnerWorker.run(SuiteRunnerWorker.java:96)
at org.testng.TestNG.runSuitesSequentially(TestNG.java:1212)
at org.testng.TestNG.runSuitesLocally(TestNG.java:1134)
at org.testng.TestNG.runSuites(TestNG.java:1063)
at org.testng.TestNG.run(TestNG.java:1031)
at org.testng.remote.AbstractRemoteTestNG.run(AbstractRemoteTestNG.java:115)
at org.testng.remote.RemoteTestNG.initAndRun(RemoteTestNG.java:293)
at org.testng.remote.RemoteTestNG.main(RemoteTestNG.java:91)
]]>
            </full-stacktrace>
          </exception> <!-- org.openqa.selenium.NoSuchElementException -->
          <reporter-output>
          </reporter-output>
        </test-method> <!-- DepartmentSummaPR -->
        <test-method is-config="true" signature="browserClosing()[pri:0, instance:criticalTestScripts.StatutoryMGMT@5e0e82ae]" started-at="2025-04-29T12:44:27 IST" name="browserClosing" finished-at="2025-04-29T12:44:28 IST" duration-ms="831" status="PASS">
          <reporter-output>
          </reporter-output>
        </test-method> <!-- browserClosing -->
        <test-method is-config="true" signature="Login()[pri:0, instance:criticalTestScripts.StatutoryMGMT@5e0e82ae]" started-at="2025-04-29T12:44:28 IST" name="Login" finished-at="2025-04-29T12:46:18 IST" duration-ms="110082" status="PASS">
          <reporter-output>
          </reporter-output>
        </test-method> <!-- Login -->
        <test-method signature="DepaINPROGRESSR()[pri:100, instance:criticalTestScripts.StatutoryMGMT@5e0e82ae]" started-at="2025-04-29T12:46:18 IST" name="DepaINPROGRESSR" finished-at="2025-04-29T12:48:40 IST" duration-ms="142293" status="PASS">
          <reporter-output>
          </reporter-output>
        </test-method> <!-- DepaINPROGRESSR -->
        <test-method is-config="true" signature="browserClosing()[pri:0, instance:criticalTestScripts.StatutoryMGMT@5e0e82ae]" started-at="2025-04-29T12:48:40 IST" name="browserClosing" finished-at="2025-04-29T12:48:41 IST" duration-ms="924" status="PASS">
          <reporter-output>
          </reporter-output>
        </test-method> <!-- browserClosing -->
        <test-method is-config="true" signature="Login()[pri:0, instance:criticalTestScripts.StatutoryMGMT@5e0e82ae]" started-at="2025-04-29T12:48:41 IST" name="Login" finished-at="2025-04-29T12:50:25 IST" duration-ms="103982" status="PASS">
          <reporter-output>
          </reporter-output>
        </test-method> <!-- Login -->
        <test-method signature="DepartmentSummaryRejected()[pri:101, instance:criticalTestScripts.StatutoryMGMT@5e0e82ae]" started-at="2025-04-29T12:50:25 IST" name="DepartmentSummaryRejected" finished-at="2025-04-29T12:52:53 IST" duration-ms="147557" status="PASS">
          <reporter-output>
          </reporter-output>
        </test-method> <!-- DepartmentSummaryRejected -->
        <test-method is-config="true" signature="browserClosing()[pri:0, instance:criticalTestScripts.StatutoryMGMT@5e0e82ae]" started-at="2025-04-29T12:52:53 IST" name="browserClosing" finished-at="2025-04-29T12:52:54 IST" duration-ms="1003" status="PASS">
          <reporter-output>
          </reporter-output>
        </test-method> <!-- browserClosing -->
        <test-method is-config="true" signature="Login()[pri:0, instance:criticalTestScripts.StatutoryMGMT@5e0e82ae]" started-at="2025-04-29T12:52:54 IST" name="Login" finished-at="2025-04-29T12:54:32 IST" duration-ms="98200" status="PASS">
          <reporter-output>
          </reporter-output>
        </test-method> <!-- Login -->
        <test-method signature="DepartmentSummaryNotApplicable()[pri:102, instance:criticalTestScripts.StatutoryMGMT@5e0e82ae]" started-at="2025-04-29T12:54:32 IST" name="DepartmentSummaryNotApplicable" finished-at="2025-04-29T12:57:30 IST" duration-ms="178070" status="PASS">
          <reporter-output>
          </reporter-output>
        </test-method> <!-- DepartmentSummaryNotApplicable -->
        <test-method is-config="true" signature="browserClosing()[pri:0, instance:criticalTestScripts.StatutoryMGMT@5e0e82ae]" started-at="2025-04-29T12:57:30 IST" name="browserClosing" finished-at="2025-04-29T12:57:31 IST" duration-ms="1127" status="PASS">
          <reporter-output>
          </reporter-output>
        </test-method> <!-- browserClosing -->
        <test-method is-config="true" signature="Login()[pri:0, instance:criticalTestScripts.StatutoryMGMT@5e0e82ae]" started-at="2025-04-29T12:57:31 IST" name="Login" finished-at="2025-04-29T12:59:14 IST" duration-ms="103077" status="PASS">
          <reporter-output>
          </reporter-output>
        </test-method> <!-- Login -->
        <test-method signature="NCcompletionVsNCOverdueP()[pri:103, instance:criticalTestScripts.StatutoryMGMT@5e0e82ae]" started-at="2025-04-29T12:59:14 IST" name="NCcompletionVsNCOverdueP" finished-at="2025-04-29T13:00:35 IST" duration-ms="80833" status="PASS">
          <reporter-output>
          </reporter-output>
        </test-method> <!-- NCcompletionVsNCOverdueP -->
        <test-method is-config="true" signature="browserClosing()[pri:0, instance:criticalTestScripts.StatutoryMGMT@5e0e82ae]" started-at="2025-04-29T13:00:35 IST" name="browserClosing" finished-at="2025-04-29T13:00:36 IST" duration-ms="1039" status="PASS">
          <reporter-output>
          </reporter-output>
        </test-method> <!-- browserClosing -->
        <test-method is-config="true" signature="Closing()[pri:0, instance:criticalTestScripts.StatutoryMGMT@5e0e82ae]" started-at="2025-04-29T13:00:36 IST" name="Closing" finished-at="2025-04-29T13:00:36 IST" duration-ms="3" status="PASS">
          <reporter-output>
          </reporter-output>
        </test-method> <!-- Closing -->
      </class> <!-- criticalTestScripts.StatutoryMGMT -->
    </test> <!-- Default test -->
  </suite> <!-- Default suite -->
</testng-results>
