<?xml version="1.0" encoding="UTF-8"?>
<!-- Generated by org.testng.reporters.JUnitReportReporter -->
<testsuite hostname="TRPL-PUN-0113" failures="0" tests="60" name="criticalTestScripts.InternalMgmt" time="25029.611" errors="1" timestamp="2025-04-30T02:26:10 IST" skipped="0">
  <testcase classname="criticalTestScripts.InternalMgmt" name="Entities" time="144.377"/>
  <system-out/>
  <testcase classname="criticalTestScripts.InternalMgmt" name="LocationCount" time="111.168"/>
  <system-out/>
  <testcase classname="criticalTestScripts.InternalMgmt" name="clickCategoriesInternal" time="168.098"/>
  <system-out/>
  <testcase classname="criticalTestScripts.InternalMgmt" name="ClickCompliancesInternal" time="186.625"/>
  <system-out/>
  <testcase classname="criticalTestScripts.InternalMgmt" name="clickUsersInternal" time="186.829"/>
  <system-out/>
  <testcase classname="criticalTestScripts.InternalMgmt" name="SummaryofOverdueCompliances" time="180.183"/>
  <system-out/>
  <testcase classname="criticalTestScripts.InternalMgmt" name="ClosedTimely_PieChart" time="642.675"/>
  <system-out/>
  <testcase classname="criticalTestScripts.InternalMgmt" name="ClosedDelayed_PieChart" time="665.066"/>
  <system-out/>
  <testcase classname="criticalTestScripts.InternalMgmt" name="NotCompleted_PieChart" time="657.950"/>
  <system-out/>
  <testcase classname="criticalTestScripts.InternalMgmt" name="NotApplicable_PieChartIN" time="649.394"/>
  <system-out/>
  <testcase classname="criticalTestScripts.InternalMgmt" name="Overdue_PieChartInternal" time="563.687"/>
  <system-out/>
  <testcase classname="criticalTestScripts.InternalMgmt" name="dueToday_PieChartInternal" time="133.517"/>
  <system-out/>
  <testcase classname="criticalTestScripts.InternalMgmt" name="PFR_PieChartInternal" time="642.284"/>
  <system-out/>
  <testcase classname="criticalTestScripts.InternalMgmt" name="inProgress_PieChartInternal" time="671.708"/>
  <system-out/>
  <testcase classname="criticalTestScripts.InternalMgmt" name="Rejected_PieChartInternal" time="641.459"/>
  <system-out/>
  <testcase classname="criticalTestScripts.InternalMgmt" name="BargraphBSECriticalStatutory" time="625.810"/>
  <system-out/>
  <testcase classname="criticalTestScripts.InternalMgmt" name="BargraphBSEHighStatutory" time="662.422"/>
  <system-out/>
  <testcase classname="criticalTestScripts.InternalMgmt" name="BargraphBSEMediumStatutory" time="662.687"/>
  <system-out/>
  <testcase classname="criticalTestScripts.InternalMgmt" name="BargraphBSELowStatutory" time="654.695"/>
  <system-out/>
  <testcase classname="criticalTestScripts.InternalMgmt" name="RiskSummaryCriticalInternal" time="685.456"/>
  <system-out/>
  <testcase classname="criticalTestScripts.InternalMgmt" name="RiskSummaryHighInternal" time="657.397"/>
  <system-out/>
  <testcase classname="criticalTestScripts.InternalMgmt" name="RiskSummaryMediumStatutory" time="659.953"/>
  <system-out/>
  <testcase classname="criticalTestScripts.InternalMgmt" name="RiskSummaryLowStatutory" time="687.455"/>
  <system-out/>
  <testcase classname="criticalTestScripts.InternalMgmt" name="DepartmentSummaryInternal" time="988.173">
    <error message="no such element: Unable to locate element: {&quot;method&quot;:&quot;css selector&quot;,&quot;selector&quot;:&quot;#highcharts-12 &gt; svg &gt; g.highcharts-legend &gt; g &gt; g &gt; g.highcharts-legend-item.highcharts-column-series.highcharts-color-undefined.highcharts-series-5 &gt; text &gt; tspan&quot;}
  (Session info: chrome=135.0.7049.115)
For documentation on this error, please visit: http://seleniumhq.org/exceptions/no_such_element.html
Build info: version: &#039;3.141.0&#039;, revision: &#039;2ecb7d9a&#039;, time: &#039;2018-10-31T20:09:30&#039;
System info: host: &#039;TRPL-PUN-0113&#039;, ip: &#039;192.168.1.4&#039;, os.name: &#039;Windows 11&#039;, os.arch: &#039;amd64&#039;, os.version: &#039;10.0&#039;, java.version: &#039;23.0.2&#039;
Driver info: org.openqa.selenium.chrome.ChromeDriver
Capabilities {acceptInsecureCerts: false, browserName: chrome, browserVersion: 135.0.7049.115, chrome: {chromedriverVersion: 135.0.7049.84 (6c019e560019..., userDataDir: C:\Users\mayurig\AppData\Lo...}, fedcm:accounts: true, goog:chromeOptions: {debuggerAddress: localhost:55906}, javascriptEnabled: true, networkConnectionEnabled: false, pageLoadStrategy: normal, platform: WINDOWS, platformName: WINDOWS, proxy: Proxy(), setWindowRect: true, strictFileInteractability: false, timeouts: {implicit: 0, pageLoad: 300000, script: 30000}, unhandledPromptBehavior: dismiss and notify, webauthn:extension:credBlob: true, webauthn:extension:largeBlob: true, webauthn:extension:minPinLength: true, webauthn:extension:prf: true, webauthn:virtualAuthenticators: true}
Session ID: f9b0b24ce7642e027f4db4a1bbad0833
*** Element info: {Using=css selector, value=#highcharts-12 &gt; svg &gt; g.highcharts-legend &gt; g &gt; g &gt; g.highcharts-legend-item.highcharts-column-series.highcharts-color-undefined.highcharts-series-5 &gt; text &gt; tspan}" type="org.openqa.selenium.NoSuchElementException">
      <![CDATA[org.openqa.selenium.NoSuchElementException: no such element: Unable to locate element: {"method":"css selector","selector":"#highcharts-12 > svg > g.highcharts-legend > g > g > g.highcharts-legend-item.highcharts-column-series.highcharts-color-undefined.highcharts-series-5 > text > tspan"}
  (Session info: chrome=135.0.7049.115)
For documentation on this error, please visit: http://seleniumhq.org/exceptions/no_such_element.html
Build info: version: '3.141.0', revision: '2ecb7d9a', time: '2018-10-31T20:09:30'
System info: host: 'TRPL-PUN-0113', ip: '192.168.1.4', os.name: 'Windows 11', os.arch: 'amd64', os.version: '10.0', java.version: '23.0.2'
Driver info: org.openqa.selenium.chrome.ChromeDriver
Capabilities {acceptInsecureCerts: false, browserName: chrome, browserVersion: 135.0.7049.115, chrome: {chromedriverVersion: 135.0.7049.84 (6c019e560019..., userDataDir: C:\Users\mayurig\AppData\Lo...}, fedcm:accounts: true, goog:chromeOptions: {debuggerAddress: localhost:55906}, javascriptEnabled: true, networkConnectionEnabled: false, pageLoadStrategy: normal, platform: WINDOWS, platformName: WINDOWS, proxy: Proxy(), setWindowRect: true, strictFileInteractability: false, timeouts: {implicit: 0, pageLoad: 300000, script: 30000}, unhandledPromptBehavior: dismiss and notify, webauthn:extension:credBlob: true, webauthn:extension:largeBlob: true, webauthn:extension:minPinLength: true, webauthn:extension:prf: true, webauthn:virtualAuthenticators: true}
Session ID: f9b0b24ce7642e027f4db4a1bbad0833
*** Element info: {Using=css selector, value=#highcharts-12 > svg > g.highcharts-legend > g > g > g.highcharts-legend-item.highcharts-column-series.highcharts-color-undefined.highcharts-series-5 > text > tspan}
at java.base/jdk.internal.reflect.DirectConstructorHandleAccessor.newInstance(DirectConstructorHandleAccessor.java:62)
at java.base/java.lang.reflect.Constructor.newInstanceWithCaller(Constructor.java:501)
at java.base/java.lang.reflect.Constructor.newInstance(Constructor.java:485)
at org.openqa.selenium.remote.http.W3CHttpResponseCodec.createException(W3CHttpResponseCodec.java:187)
at org.openqa.selenium.remote.http.W3CHttpResponseCodec.decode(W3CHttpResponseCodec.java:122)
at org.openqa.selenium.remote.http.W3CHttpResponseCodec.decode(W3CHttpResponseCodec.java:49)
at org.openqa.selenium.remote.HttpCommandExecutor.execute(HttpCommandExecutor.java:158)
at org.openqa.selenium.remote.service.DriverCommandExecutor.execute(DriverCommandExecutor.java:83)
at org.openqa.selenium.remote.RemoteWebDriver.execute(RemoteWebDriver.java:552)
at org.openqa.selenium.remote.RemoteWebDriver.findElement(RemoteWebDriver.java:323)
at org.openqa.selenium.remote.RemoteWebDriver.findElementByCssSelector(RemoteWebDriver.java:420)
at org.openqa.selenium.By$ByCssSelector.findElement(By.java:431)
at org.openqa.selenium.remote.RemoteWebDriver.findElement(RemoteWebDriver.java:315)
at criticalTestScripts.InternalMgmt.DepartmentSummaryInternal(InternalMgmt.java:2251)
at java.base/jdk.internal.reflect.DirectMethodHandleAccessor.invoke(DirectMethodHandleAccessor.java:103)
at java.base/java.lang.reflect.Method.invoke(Method.java:580)
at org.testng.internal.MethodInvocationHelper.invokeMethod(MethodInvocationHelper.java:133)
at org.testng.internal.TestInvoker.invokeMethod(TestInvoker.java:598)
at org.testng.internal.TestInvoker.invokeTestMethod(TestInvoker.java:173)
at org.testng.internal.MethodRunner.runInSequence(MethodRunner.java:46)
at org.testng.internal.TestInvoker$MethodInvocationAgent.invoke(TestInvoker.java:824)
at org.testng.internal.TestInvoker.invokeTestMethods(TestInvoker.java:146)
at org.testng.internal.TestMethodWorker.invokeTestMethods(TestMethodWorker.java:146)
at org.testng.internal.TestMethodWorker.run(TestMethodWorker.java:128)
at java.base/java.util.ArrayList.forEach(ArrayList.java:1597)
at org.testng.TestRunner.privateRun(TestRunner.java:794)
at org.testng.TestRunner.run(TestRunner.java:596)
at org.testng.SuiteRunner.runTest(SuiteRunner.java:377)
at org.testng.SuiteRunner.runSequentially(SuiteRunner.java:371)
at org.testng.SuiteRunner.privateRun(SuiteRunner.java:332)
at org.testng.SuiteRunner.run(SuiteRunner.java:276)
at org.testng.SuiteRunnerWorker.runSuite(SuiteRunnerWorker.java:53)
at org.testng.SuiteRunnerWorker.run(SuiteRunnerWorker.java:96)
at org.testng.TestNG.runSuitesSequentially(TestNG.java:1212)
at org.testng.TestNG.runSuitesLocally(TestNG.java:1134)
at org.testng.TestNG.runSuites(TestNG.java:1063)
at org.testng.TestNG.run(TestNG.java:1031)
at org.testng.remote.AbstractRemoteTestNG.run(AbstractRemoteTestNG.java:115)
at org.testng.remote.RemoteTestNG.initAndRun(RemoteTestNG.java:293)
at org.testng.remote.RemoteTestNG.main(RemoteTestNG.java:91)
]]>
    </error>
  </testcase> <!-- DepartmentSummaryInternal -->
  <system-out/>
  <testcase classname="criticalTestScripts.InternalMgmt" name="ClosedTimely_PieChartPeriod" time="883.599"/>
  <system-out/>
  <testcase classname="criticalTestScripts.InternalMgmt" name="ClosedDelayed_PieChartPeriod" time="842.159"/>
  <system-out/>
  <testcase classname="criticalTestScripts.InternalMgmt" name="NotCompleted_PieChartPeriod" time="844.814"/>
  <system-out/>
  <testcase classname="criticalTestScripts.InternalMgmt" name="NotApplicable_PieChartPeriod" time="176.850"/>
  <system-out/>
  <testcase classname="criticalTestScripts.InternalMgmt" name="Overdue_PieChartInternalPeriod" time="721.444"/>
  <system-out/>
  <testcase classname="criticalTestScripts.InternalMgmt" name="dueToday_PieChartPeriod" time="173.009"/>
  <system-out/>
  <testcase classname="criticalTestScripts.InternalMgmt" name="PFR_PieChartInternalPeriod" time="803.804"/>
  <system-out/>
  <testcase classname="criticalTestScripts.InternalMgmt" name="InProgress_PieChartInternalPeriod" time="820.136"/>
  <system-out/>
  <testcase classname="criticalTestScripts.InternalMgmt" name="Rejected_PieChartInternalPeriod" time="798.111"/>
  <system-out/>
  <testcase classname="criticalTestScripts.InternalMgmt" name="Upcoming_PieChartPeriod" time="689.139"/>
  <system-out/>
  <testcase classname="criticalTestScripts.InternalMgmt" name="DetailedReportIn" time="206.986"/>
  <system-out/>
  <testcase classname="criticalTestScripts.InternalMgmt" name="AssignmentReport" time="151.135"/>
  <system-out/>
  <testcase classname="criticalTestScripts.InternalMgmt" name="ComplianceDocumentsIN" time="244.731"/>
  <system-out/>
  <testcase classname="criticalTestScripts.InternalMgmt" name="NCcompletionVsNCOverdueIn" time="125.387"/>
  <system-out/>
  <testcase classname="criticalTestScripts.InternalMgmt" name="DetailedreportVsdashboardNotCompletedcountIn" time="235.396"/>
  <system-out/>
  <testcase classname="criticalTestScripts.InternalMgmt" name="DetailedreportVsdashboardclosedtimelycountIn" time="220.705"/>
  <system-out/>
  <testcase classname="criticalTestScripts.InternalMgmt" name="DetailedreportVsdashboardCloseddealyedcountIn" time="239.201"/>
  <system-out/>
  <testcase classname="criticalTestScripts.InternalMgmt" name="DetailedreportVsdashboardNAcountIn" time="216.271"/>
  <system-out/>
  <testcase classname="criticalTestScripts.InternalMgmt" name="DetailedreportVsOverduecountIn" time="203.460"/>
  <system-out/>
  <testcase classname="criticalTestScripts.InternalMgmt" name="DetailedreportVsDueTodaycountIn" time="206.015"/>
  <system-out/>
  <testcase classname="criticalTestScripts.InternalMgmt" name="DetailedreportVsPFRcountIn" time="208.117"/>
  <system-out/>
  <testcase classname="criticalTestScripts.InternalMgmt" name="DetailedreportVsINprocountIn" time="213.660"/>
  <system-out/>
  <testcase classname="criticalTestScripts.InternalMgmt" name="DetailedreportVsRejectedcountIn" time="211.368"/>
  <system-out/>
  <testcase classname="criticalTestScripts.InternalMgmt" name="DetailedreportVsCommercialCriticalcountIn" time="233.132"/>
  <system-out/>
  <testcase classname="criticalTestScripts.InternalMgmt" name="DetailedreportVsCommercialHighcountIn" time="240.101"/>
  <system-out/>
  <testcase classname="criticalTestScripts.InternalMgmt" name="DetailedreportVsCommercialMediumcountIn" time="237.802"/>
  <system-out/>
  <testcase classname="criticalTestScripts.InternalMgmt" name="DetailedreportVsCommercialLowcountIn" time="253.675"/>
  <system-out/>
  <testcase classname="criticalTestScripts.InternalMgmt" name="riskSummaryCriticalNotCompletedIn" time="233.071"/>
  <system-out/>
  <testcase classname="criticalTestScripts.InternalMgmt" name="riskSummaryClosedDelayedIn" time="254.842"/>
  <system-out/>
  <testcase classname="criticalTestScripts.InternalMgmt" name="riskSummaryClosedTimely" time="232.128"/>
  <system-out/>
  <testcase classname="criticalTestScripts.InternalMgmt" name="DepartmentSummaryOverdueIn" time="230.086"/>
  <system-out/>
  <testcase classname="criticalTestScripts.InternalMgmt" name="DepartmentSummaryClosedDelayedIn" time="237.337"/>
  <system-out/>
  <testcase classname="criticalTestScripts.InternalMgmt" name="DepartmentSummaryClosedTIn" time="238.706"/>
  <system-out/>
  <testcase classname="criticalTestScripts.InternalMgmt" name="DepartmentSummaPRIn" time="241.163"/>
  <system-out/>
  <testcase classname="criticalTestScripts.InternalMgmt" name="DepartmentSummaryRejectedIn" time="254.004"/>
  <system-out/>
  <testcase classname="criticalTestScripts.InternalMgmt" name="NCcompletionVsNCOverduePIn" time="179.000"/>
  <system-out/>
</testsuite> <!-- criticalTestScripts.InternalMgmt -->
